<?xml version="1.0" encoding="UTF-8"?>
<robot generator="Robot 4.1.3 (Python 3.10.2 on win32)" generated="20220315 10:42:05.184" rpa="false" schemaversion="2">
<suite id="s1" name="Demo2 Goto Suite" source="B:\2.L&amp;T Technology Services InternShip\week 6.Robot framework\robot_project\selenium_suite\demo2_goto_suite.robot">
<test id="s1-t1" name="TC1">
<kw name="Append To Environment Variable" library="OperatingSystem">
<arg>path</arg>
<arg>${EXECDIR}${/}driver${/}</arg>
<doc>Appends given ``values`` to environment variable ``name``.</doc>
<msg timestamp="20220315 10:42:06.099" level="INFO">Environment variable 'path' set to value 'C:\Program Files\Common Files\Oracle\Java\javapath;C:\WINDOWS\system32;C:\WINDOWS;C:\WINDOWS\System32\Wbem;C:\WINDOWS\System32\WindowsPowerShell\v1.0\;C:\WINDOWS\System32\OpenSSH\;C:\Program Files\Git\cmd;C:\Users\dell\AppData\Local\Programs\Python\Python310\Scripts\;C:\Users\dell\AppData\Local\Programs\Python\Python310\;C:\Users\dell\anaconda3;C:\Users\dell\anaconda3\Library\mingw-w64\bin;C:\Users\dell\anaconda3\Library\usr\bin;C:\Users\dell\anaconda3\Library\bin;C:\Users\dell\anaconda3\Scripts;C:\Users\dell\AppData\Local\Microsoft\WindowsApps;C:\Program Files\Java\jdk-17.0.1\bin\;C:\Program Files\JetBrains\PyCharm Community Edition 2021.3.2\bin;;B:\2.L&amp;T Technology Services InternShip\week 6.Robot framework\robot_project\driver\'.</msg>
<status status="PASS" starttime="20220315 10:42:06.099" endtime="20220315 10:42:06.099"/>
</kw>
<kw name="Open Browser" library="SeleniumLibrary">
<arg>url=https://www.goto.com/meeting/</arg>
<arg>browser=chrome</arg>
<doc>Opens a new browser instance to the optional ``url``.</doc>
<msg timestamp="20220315 10:42:06.100" level="INFO">Opening browser 'chrome' to base url 'https://www.goto.com/meeting/'.</msg>
<status status="PASS" starttime="20220315 10:42:06.100" endtime="20220315 10:42:16.472"/>
</kw>
<kw name="Set Selenium Implicit Wait" library="SeleniumLibrary">
<arg>20s</arg>
<doc>Sets the implicit wait value used by Selenium.</doc>
<status status="PASS" starttime="20220315 10:42:16.473" endtime="20220315 10:42:16.475"/>
</kw>
<kw name="Maximize Browser Window" library="SeleniumLibrary">
<doc>Maximizes current browser window.</doc>
<status status="PASS" starttime="20220315 10:42:16.475" endtime="20220315 10:42:24.132"/>
</kw>
<kw name="Click Element" library="SeleniumLibrary">
<arg>id=truste-consent-button</arg>
<doc>Click the element identified by ``locator``.</doc>
<msg timestamp="20220315 10:42:24.133" level="INFO">Clicking element 'id=truste-consent-button'.</msg>
<status status="PASS" starttime="20220315 10:42:24.132" endtime="20220315 10:42:24.226"/>
</kw>
<kw name="Click Element" library="SeleniumLibrary">
<arg>link=Get a Demo</arg>
<doc>Click the element identified by ``locator``.</doc>
<msg timestamp="20220315 10:42:24.227" level="INFO">Clicking element 'link=Get a Demo'.</msg>
<status status="PASS" starttime="20220315 10:42:24.227" endtime="20220315 10:42:27.696"/>
</kw>
<kw name="Input Text" library="SeleniumLibrary">
<arg>xpath=//input[@data-sc-field-name="firstName"]</arg>
<arg>john</arg>
<doc>Types the given ``text`` into the text field identified by ``locator``.</doc>
<msg timestamp="20220315 10:42:27.697" level="INFO">Typing text 'john' into text field 'xpath=//input[@data-sc-field-name="firstName"]'.</msg>
<status status="PASS" starttime="20220315 10:42:27.696" endtime="20220315 10:42:27.805"/>
</kw>
<kw name="Input Text" library="SeleniumLibrary">
<arg>xpath=//input[@data-sc-field-name="lastName"]</arg>
<arg>wick</arg>
<doc>Types the given ``text`` into the text field identified by ``locator``.</doc>
<msg timestamp="20220315 10:42:27.806" level="INFO">Typing text 'wick' into text field 'xpath=//input[@data-sc-field-name="lastName"]'.</msg>
<status status="PASS" starttime="20220315 10:42:27.806" endtime="20220315 10:42:27.908"/>
</kw>
<kw name="Input Text" library="SeleniumLibrary">
<arg>xpath=//input[@data-sc-field-name="email"]</arg>
<arg>johnwick512@gmail.com</arg>
<doc>Types the given ``text`` into the text field identified by ``locator``.</doc>
<msg timestamp="20220315 10:42:27.909" level="INFO">Typing text 'johnwick512@gmail.com' into text field 'xpath=//input[@data-sc-field-name="email"]'.</msg>
<status status="PASS" starttime="20220315 10:42:27.909" endtime="20220315 10:42:28.015"/>
</kw>
<kw name="Input Text" library="SeleniumLibrary">
<arg>xpath=//input[@data-sc-field-name="phone"]</arg>
<arg>8919420420</arg>
<doc>Types the given ``text`` into the text field identified by ``locator``.</doc>
<msg timestamp="20220315 10:42:28.016" level="INFO">Typing text '8919420420' into text field 'xpath=//input[@data-sc-field-name="phone"]'.</msg>
<status status="PASS" starttime="20220315 10:42:28.016" endtime="20220315 10:42:28.110"/>
</kw>
<kw name="Input Text" library="SeleniumLibrary">
<arg>xpath=//input[@data-sc-field-name="company"]</arg>
<arg>LTTS</arg>
<doc>Types the given ``text`` into the text field identified by ``locator``.</doc>
<msg timestamp="20220315 10:42:28.111" level="INFO">Typing text 'LTTS' into text field 'xpath=//input[@data-sc-field-name="company"]'.</msg>
<status status="PASS" starttime="20220315 10:42:28.110" endtime="20220315 10:42:28.206"/>
</kw>
<kw name="Select From List By Label" library="SeleniumLibrary">
<arg>xpath=//select[@data-sc-field-name="employees"]</arg>
<arg>10 - 99</arg>
<doc>Selects options from selection list ``locator`` by ``labels``.</doc>
<msg timestamp="20220315 10:42:28.207" level="INFO">Selecting options from selection list 'xpath=//select[@data-sc-field-name="employees"]' by label 10 - 99.</msg>
<status status="PASS" starttime="20220315 10:42:28.207" endtime="20220315 10:42:28.291"/>
</kw>
<kw name="Click Element" library="SeleniumLibrary">
<arg>xpath=//input[@type="submit"]</arg>
<doc>Click the element identified by ``locator``.</doc>
<msg timestamp="20220315 10:42:28.292" level="INFO">Clicking element 'xpath=//input[@type="submit"]'.</msg>
<status status="PASS" starttime="20220315 10:42:28.291" endtime="20220315 10:42:30.314"/>
</kw>
<kw name="Close Browser" library="SeleniumLibrary">
<doc>Closes the current browser.</doc>
<status status="PASS" starttime="20220315 10:42:30.315" endtime="20220315 10:42:32.455"/>
</kw>
<status status="PASS" starttime="20220315 10:42:06.098" endtime="20220315 10:42:32.456"/>
</test>
<status status="PASS" starttime="20220315 10:42:05.185" endtime="20220315 10:42:32.462"/>
</suite>
<statistics>
<total>
<stat pass="1" fail="0" skip="0">All Tests</stat>
</total>
<tag>
</tag>
<suite>
<stat pass="1" fail="0" skip="0" id="s1" name="Demo2 Goto Suite">Demo2 Goto Suite</stat>
</suite>
</statistics>
<errors>
</errors>
</robot>
