<?xml version="1.0" encoding="UTF-8"?>
<robot generator="Robot 4.1.3 (Python 3.10.2 on win32)" generated="20220316 08:48:30.563" rpa="false" schemaversion="2">
<suite id="s1" name="Demo5 Frame Suite" source="B:\2.L&amp;T Technology Services InternShip\week 6.Robot framework\robot_project\selenium_suite\demo5_frame_suite.robot">
<test id="s1-t1" name="TC2">
<kw name="Open Browser" library="SeleniumLibrary">
<arg>browser=chrome</arg>
<arg>executable_path=${EXECDIR}${/}driver${/}chromedriver.exe</arg>
<doc>Opens a new browser instance to the optional ``url``.</doc>
<msg timestamp="20220316 08:48:30.797" level="INFO">Opening browser 'chrome' to base url 'None'.</msg>
<status status="PASS" starttime="20220316 08:48:30.797" endtime="20220316 08:48:34.327"/>
</kw>
<kw name="Set Selenium Implicit Wait" library="SeleniumLibrary">
<arg>30s</arg>
<doc>Sets the implicit wait value used by Selenium.</doc>
<status status="PASS" starttime="20220316 08:48:34.328" endtime="20220316 08:48:34.329"/>
</kw>
<kw name="Maximize Browser Window" library="SeleniumLibrary">
<doc>Maximizes current browser window.</doc>
<status status="PASS" starttime="20220316 08:48:34.329" endtime="20220316 08:48:34.443"/>
</kw>
<kw name="Go To" library="SeleniumLibrary">
<arg>url=https://demo.openemr.io/b/openemr</arg>
<doc>Navigates the current browser window to the provided ``url``.</doc>
<msg timestamp="20220316 08:48:34.443" level="INFO">Opening url 'https://demo.openemr.io/b/openemr'</msg>
<status status="PASS" starttime="20220316 08:48:34.443" endtime="20220316 08:48:40.297"/>
</kw>
<kw name="Input Text" library="SeleniumLibrary">
<arg>id=authUser</arg>
<arg>admin</arg>
<doc>Types the given ``text`` into the text field identified by ``locator``.</doc>
<msg timestamp="20220316 08:48:40.298" level="INFO">Typing text 'admin' into text field 'id=authUser'.</msg>
<status status="PASS" starttime="20220316 08:48:40.298" endtime="20220316 08:48:40.361"/>
</kw>
<kw name="Input Text" library="SeleniumLibrary">
<arg>id=clearPass</arg>
<arg>pass</arg>
<doc>Types the given ``text`` into the text field identified by ``locator``.</doc>
<msg timestamp="20220316 08:48:40.361" level="INFO">Typing text 'pass' into text field 'id=clearPass'.</msg>
<status status="PASS" starttime="20220316 08:48:40.361" endtime="20220316 08:48:40.439"/>
</kw>
<kw name="Select From List By Value" library="SeleniumLibrary">
<arg>xpath=//select[@name="languageChoice"]</arg>
<arg>18</arg>
<doc>Selects options from selection list ``locator`` by ``values``.</doc>
<msg timestamp="20220316 08:48:40.439" level="INFO">Selecting options from selection list 'xpath=//select[@name="languageChoice"]' by value 18.</msg>
<status status="PASS" starttime="20220316 08:48:40.439" endtime="20220316 08:48:40.501"/>
</kw>
<kw name="Click Element" library="SeleniumLibrary">
<arg>xpath=//button[@type="submit"]</arg>
<doc>Click the element identified by ``locator``.</doc>
<msg timestamp="20220316 08:48:40.501" level="INFO">Clicking element 'xpath=//button[@type="submit"]'.</msg>
<status status="PASS" starttime="20220316 08:48:40.501" endtime="20220316 08:48:45.069"/>
</kw>
<kw name="Click Element" library="SeleniumLibrary">
<arg>xpath=//div[@class="tabSpan bgcolor2 tabsNoHover"]</arg>
<doc>Click the element identified by ``locator``.</doc>
<msg timestamp="20220316 08:48:45.070" level="INFO">Clicking element 'xpath=//div[@class="tabSpan bgcolor2 tabsNoHover"]'.</msg>
<status status="PASS" starttime="20220316 08:48:45.070" endtime="20220316 08:48:45.134"/>
</kw>
<kw name="Select Frame" library="SeleniumLibrary">
<arg>name=msg</arg>
<doc>Sets frame identified by ``locator`` as the current frame.</doc>
<msg timestamp="20220316 08:48:45.134" level="INFO">Selecting frame 'name=msg'.</msg>
<status status="PASS" starttime="20220316 08:48:45.134" endtime="20220316 08:48:45.161"/>
</kw>
<kw name="Click Element" library="SeleniumLibrary">
<arg>partial link=Add New</arg>
<doc>Click the element identified by ``locator``.</doc>
<msg timestamp="20220316 08:48:45.162" level="INFO">Clicking element 'partial link=Add New'.</msg>
<status status="PASS" starttime="20220316 08:48:45.162" endtime="20220316 08:48:46.205"/>
</kw>
<kw name="Input Text" library="SeleniumLibrary">
<arg>id=note</arg>
<arg>hello</arg>
<doc>Types the given ``text`` into the text field identified by ``locator``.</doc>
<msg timestamp="20220316 08:48:46.205" level="INFO">Typing text 'hello' into text field 'id=note'.</msg>
<status status="PASS" starttime="20220316 08:48:46.205" endtime="20220316 08:48:46.267"/>
</kw>
<kw name="Select From List By Label" library="SeleniumLibrary">
<arg>id=form_note_type</arg>
<arg>Pharmacy</arg>
<doc>Selects options from selection list ``locator`` by ``labels``.</doc>
<msg timestamp="20220316 08:48:46.267" level="INFO">Selecting options from selection list 'id=form_note_type' by label Pharmacy.</msg>
<status status="PASS" starttime="20220316 08:48:46.267" endtime="20220316 08:48:46.330"/>
</kw>
<kw name="Select From List By Label" library="SeleniumLibrary">
<arg>id=form_message_status</arg>
<arg>Forwarded</arg>
<doc>Selects options from selection list ``locator`` by ``labels``.</doc>
<msg timestamp="20220316 08:48:46.330" level="INFO">Selecting options from selection list 'id=form_message_status' by label Forwarded.</msg>
<status status="PASS" starttime="20220316 08:48:46.330" endtime="20220316 08:48:46.393"/>
</kw>
<kw name="Select From List By Index" library="SeleniumLibrary">
<arg>id=users</arg>
<arg>1</arg>
<doc>Selects options from selection list ``locator`` by ``indexes``.</doc>
<msg timestamp="20220316 08:48:46.393" level="INFO">Selecting options from selection list 'id=users' by index 1.</msg>
<status status="PASS" starttime="20220316 08:48:46.393" endtime="20220316 08:48:46.486"/>
</kw>
<kw name="Click Button" library="SeleniumLibrary">
<arg>xpath=//button[@id="newnote"]</arg>
<doc>Clicks the button identified by ``locator``.</doc>
<msg timestamp="20220316 08:48:46.486" level="INFO">Clicking button 'xpath=//button[@id="newnote"]'.</msg>
<status status="PASS" starttime="20220316 08:48:46.486" endtime="20220316 08:48:46.569"/>
</kw>
<kw name="Element Text Should Be" library="SeleniumLibrary">
<arg>id=error_reply_to</arg>
<arg>Please choose a patient</arg>
<doc>Verifies that element ``locator`` contains exact the text ``expected``.</doc>
<msg timestamp="20220316 08:48:46.570" level="INFO">Verifying element 'id=error_reply_to' contains exact text 'Please choose a patient'.</msg>
<status status="PASS" starttime="20220316 08:48:46.570" endtime="20220316 08:48:46.577"/>
</kw>
<kw name="Close Browser" library="SeleniumLibrary" type="TEARDOWN">
<doc>Closes the current browser.</doc>
<status status="PASS" starttime="20220316 08:48:46.577" endtime="20220316 08:48:48.726"/>
</kw>
<status status="PASS" starttime="20220316 08:48:30.797" endtime="20220316 08:48:48.726"/>
</test>
<status status="PASS" starttime="20220316 08:48:30.579" endtime="20220316 08:48:48.726"/>
</suite>
<statistics>
<total>
<stat pass="1" fail="0" skip="0">All Tests</stat>
</total>
<tag>
</tag>
<suite>
<stat pass="1" fail="0" skip="0" id="s1" name="Demo5 Frame Suite">Demo5 Frame Suite</stat>
</suite>
</statistics>
<errors>
</errors>
</robot>
