<?xml version="1.0" encoding="UTF-8"?>
<robot generator="Robot 4.1.3 (Python 3.10.2 on win32)" generated="20220315 17:24:32.076" rpa="false" schemaversion="2">
<suite id="s1" name="Demo7 Nass Suite" source="B:\2.L&amp;T Technology Services InternShip\week 6.Robot framework\robot_project\selenium_suite\demo7_nass_suite.robot">
<test id="s1-t1" name="TC1">
<kw name="Open Browser" library="SeleniumLibrary">
<arg>browser=chrome</arg>
<arg>executable_path=${EXECDIR}${/}driver${/}chromedriver.exe</arg>
<doc>Opens a new browser instance to the optional ``url``.</doc>
<msg timestamp="20220315 17:24:32.321" level="INFO">Opening browser 'chrome' to base url 'None'.</msg>
<status status="PASS" starttime="20220315 17:24:32.321" endtime="20220315 17:24:35.160"/>
</kw>
<kw name="Maximize Browser Window" library="SeleniumLibrary">
<doc>Maximizes current browser window.</doc>
<status status="PASS" starttime="20220315 17:24:35.161" endtime="20220315 17:24:35.292"/>
</kw>
<kw name="Set Selenium Implicit Wait" library="SeleniumLibrary">
<arg>20s</arg>
<doc>Sets the implicit wait value used by Selenium.</doc>
<status status="PASS" starttime="20220315 17:24:35.294" endtime="20220315 17:24:35.299"/>
</kw>
<kw name="Go To" library="SeleniumLibrary">
<arg>url=https://nasscom.in/nasscom-membership</arg>
<doc>Navigates the current browser window to the provided ``url``.</doc>
<msg timestamp="20220315 17:24:35.301" level="INFO">Opening url 'https://nasscom.in/nasscom-membership'</msg>
<status status="PASS" starttime="20220315 17:24:35.300" endtime="20220315 17:24:40.112"/>
</kw>
<kw name="Click Element" library="SeleniumLibrary">
<arg>id=edit-field-membership-type-und-1203</arg>
<doc>Click the element identified by ``locator``.</doc>
<msg timestamp="20220315 17:24:40.112" level="INFO">Clicking element 'id=edit-field-membership-type-und-1203'.</msg>
<status status="PASS" starttime="20220315 17:24:40.112" endtime="20220315 17:24:40.189"/>
</kw>
<kw name="Click Element" library="SeleniumLibrary">
<arg>id=edit-field-business-focus-inst-und-970</arg>
<doc>Click the element identified by ``locator``.</doc>
<msg timestamp="20220315 17:24:40.190" level="INFO">Clicking element 'id=edit-field-business-focus-inst-und-970'.</msg>
<status status="PASS" starttime="20220315 17:24:40.189" endtime="20220315 17:24:40.518"/>
</kw>
<kw name="Click Element" library="SeleniumLibrary">
<arg>id=edit-field-business-focus-inst-und-968</arg>
<doc>Click the element identified by ``locator``.</doc>
<msg timestamp="20220315 17:24:40.519" level="INFO">Clicking element 'id=edit-field-business-focus-inst-und-968'.</msg>
<status status="PASS" starttime="20220315 17:24:40.518" endtime="20220315 17:24:40.587"/>
</kw>
<kw name="Input Text" library="SeleniumLibrary">
<arg>id=edit-title</arg>
<arg>LT</arg>
<doc>Types the given ``text`` into the text field identified by ``locator``.</doc>
<msg timestamp="20220315 17:24:40.588" level="INFO">Typing text 'LT' into text field 'id=edit-title'.</msg>
<status status="PASS" starttime="20220315 17:24:40.588" endtime="20220315 17:24:40.761"/>
</kw>
<kw name="Input Text" library="SeleniumLibrary">
<arg>id=edit-field-address-line-1-und-0-value</arg>
<arg>10-111 konda</arg>
<doc>Types the given ``text`` into the text field identified by ``locator``.</doc>
<msg timestamp="20220315 17:24:40.763" level="INFO">Typing text '10-111 konda' into text field 'id=edit-field-address-line-1-und-0-value'.</msg>
<status status="PASS" starttime="20220315 17:24:40.762" endtime="20220315 17:24:40.922"/>
</kw>
<kw name="Select From List By Label" library="SeleniumLibrary">
<arg>xpath=//select[@id="edit-field-state-member-und"]</arg>
<arg>Tamil Nadu</arg>
<doc>Selects options from selection list ``locator`` by ``labels``.</doc>
<msg timestamp="20220315 17:24:40.923" level="INFO">Selecting options from selection list 'xpath=//select[@id="edit-field-state-member-und"]' by label Tamil Nadu.</msg>
<status status="PASS" starttime="20220315 17:24:40.923" endtime="20220315 17:24:41.009"/>
</kw>
<kw name="Select From List By Label" library="SeleniumLibrary">
<arg>id=edit-field-city-membership-und</arg>
<arg>Chennai</arg>
<doc>Selects options from selection list ``locator`` by ``labels``.</doc>
<msg timestamp="20220315 17:24:41.009" level="INFO">Selecting options from selection list 'id=edit-field-city-membership-und' by label Chennai.</msg>
<status status="PASS" starttime="20220315 17:24:41.009" endtime="20220315 17:24:41.093"/>
</kw>
<kw name="Click Element" library="SeleniumLibrary">
<arg>id=edit-field-mode-of-payment-und-1</arg>
<doc>Click the element identified by ``locator``.</doc>
<msg timestamp="20220315 17:24:41.094" level="INFO">Clicking element 'id=edit-field-mode-of-payment-und-1'.</msg>
<status status="PASS" starttime="20220315 17:24:41.094" endtime="20220315 17:24:41.156"/>
</kw>
<kw name="Click Element" library="SeleniumLibrary">
<arg>id=edit-field-code-of-conduct-und-0</arg>
<doc>Click the element identified by ``locator``.</doc>
<msg timestamp="20220315 17:24:41.157" level="INFO">Clicking element 'id=edit-field-code-of-conduct-und-0'.</msg>
<status status="PASS" starttime="20220315 17:24:41.157" endtime="20220315 17:24:41.224"/>
</kw>
<kw name="Click Element" library="SeleniumLibrary">
<arg>id=edit-preview</arg>
<doc>Click the element identified by ``locator``.</doc>
<msg timestamp="20220315 17:24:41.225" level="INFO">Clicking element 'id=edit-preview'.</msg>
<status status="PASS" starttime="20220315 17:24:41.225" endtime="20220315 17:24:41.368"/>
</kw>
<kw name="Choose File" library="SeleniumLibrary">
<arg>id=edit-field-memorandum-article-of-asso-und-0-upload</arg>
<arg>R:${/}konda.pdf</arg>
<doc>Inputs the ``file_path`` into the file input field ``locator``.</doc>
<msg timestamp="20220315 17:24:41.368" level="INFO">Sending R:\konda.pdf to browser.</msg>
<status status="PASS" starttime="20220315 17:24:41.368" endtime="20220315 17:24:41.412"/>
</kw>
<kw name="Click Element" library="SeleniumLibrary">
<arg>xpath=(//input[@value="Upload"])[1]</arg>
<doc>Click the element identified by ``locator``.</doc>
<msg timestamp="20220315 17:24:41.413" level="INFO">Clicking element 'xpath=(//input[@value="Upload"])[1]'.</msg>
<status status="PASS" starttime="20220315 17:24:41.413" endtime="20220315 17:24:41.474"/>
</kw>
<status status="PASS" starttime="20220315 17:24:32.320" endtime="20220315 17:24:41.475"/>
</test>
<status status="PASS" starttime="20220315 17:24:32.077" endtime="20220315 17:24:41.476"/>
</suite>
<statistics>
<total>
<stat pass="1" fail="0" skip="0">All Tests</stat>
</total>
<tag>
</tag>
<suite>
<stat pass="1" fail="0" skip="0" id="s1" name="Demo7 Nass Suite">Demo7 Nass Suite</stat>
</suite>
</statistics>
<errors>
</errors>
</robot>
