<?xml version="1.0" encoding="UTF-8"?>
<robot generator="Robot 4.1.3 (Python 3.10.2 on win32)" generated="20220315 12:10:13.021" rpa="false" schemaversion="2">
<suite id="s1" name="Demo3 Mb Suite" source="B:\2.L&amp;T Technology Services InternShip\week 6.Robot framework\robot_project\selenium_suite\demo3_mb_suite.robot">
<test id="s1-t1" name="TC1">
<kw name="Open Browser" library="SeleniumLibrary">
<arg>browser=chrome</arg>
<arg>executable_path=${EXECDIR}${/}driver${/}chromedriver.exe</arg>
<doc>Opens a new browser instance to the optional ``url``.</doc>
<msg timestamp="20220315 12:10:13.294" level="INFO">Opening browser 'chrome' to base url 'None'.</msg>
<status status="PASS" starttime="20220315 12:10:13.293" endtime="20220315 12:10:15.519"/>
</kw>
<kw name="Set Selenium Implicit Wait" library="SeleniumLibrary">
<arg>30s</arg>
<doc>Sets the implicit wait value used by Selenium.</doc>
<status status="PASS" starttime="20220315 12:10:15.519" endtime="20220315 12:10:15.521"/>
</kw>
<kw name="Maximize Browser Window" library="SeleniumLibrary">
<doc>Maximizes current browser window.</doc>
<status status="PASS" starttime="20220315 12:10:15.521" endtime="20220315 12:10:15.652"/>
</kw>
<kw name="Go To" library="SeleniumLibrary">
<arg>url=https://www.medibuddy.in/</arg>
<doc>Navigates the current browser window to the provided ``url``.</doc>
<msg timestamp="20220315 12:10:15.656" level="INFO">Opening url 'https://www.medibuddy.in/'</msg>
<status status="PASS" starttime="20220315 12:10:15.654" endtime="20220315 12:10:19.931"/>
</kw>
<kw name="Click Element" library="SeleniumLibrary">
<arg>xpath=//button[text()="Not Now"]</arg>
<doc>Click the element identified by ``locator``.</doc>
<msg timestamp="20220315 12:10:19.934" level="INFO">Clicking element 'xpath=//button[text()="Not Now"]'.</msg>
<status status="PASS" starttime="20220315 12:10:19.932" endtime="20220315 12:10:30.357"/>
</kw>
<kw name="Click Element" library="SeleniumLibrary">
<arg>link=For Employer</arg>
<doc>Click the element identified by ``locator``.</doc>
<msg timestamp="20220315 12:10:30.358" level="INFO">Clicking element 'link=For Employer'.</msg>
<status status="PASS" starttime="20220315 12:10:30.358" endtime="20220315 12:10:30.555"/>
</kw>
<kw name="Close Window" library="SeleniumLibrary">
<doc>Closes currently opened and selected browser window/tab.</doc>
<status status="PASS" starttime="20220315 12:10:30.556" endtime="20220315 12:10:30.634"/>
</kw>
<kw name="Switch Window" library="SeleniumLibrary">
<arg>MediBuddy LaunchPad</arg>
<doc>Switches to browser window matching ``locator``.</doc>
<status status="PASS" starttime="20220315 12:10:30.636" endtime="20220315 12:11:17.714"/>
</kw>
<kw name="Input Text" library="SeleniumLibrary">
<arg>id=getInTouchName</arg>
<arg>Raja</arg>
<doc>Types the given ``text`` into the text field identified by ``locator``.</doc>
<msg timestamp="20220315 12:11:17.715" level="INFO">Typing text 'Raja' into text field 'id=getInTouchName'.</msg>
<status status="PASS" starttime="20220315 12:11:17.715" endtime="20220315 12:11:17.811"/>
</kw>
<kw name="Input Text" library="SeleniumLibrary">
<arg>id=getInTouchEmail</arg>
<arg>kondababu123@gmail.com</arg>
<doc>Types the given ``text`` into the text field identified by ``locator``.</doc>
<msg timestamp="20220315 12:11:17.812" level="INFO">Typing text 'kondababu123@gmail.com' into text field 'id=getInTouchEmail'.</msg>
<status status="PASS" starttime="20220315 12:11:17.812" endtime="20220315 12:11:17.938"/>
</kw>
<kw name="Input Text" library="SeleniumLibrary">
<arg>id=getInTouchMobile</arg>
<arg>8919420420</arg>
<doc>Types the given ``text`` into the text field identified by ``locator``.</doc>
<msg timestamp="20220315 12:11:17.939" level="INFO">Typing text '8919420420' into text field 'id=getInTouchMobile'.</msg>
<status status="PASS" starttime="20220315 12:11:17.939" endtime="20220315 12:11:18.032"/>
</kw>
<kw name="Input Text" library="SeleniumLibrary">
<arg>id=getInTouchEmpCount</arg>
<arg>16</arg>
<doc>Types the given ``text`` into the text field identified by ``locator``.</doc>
<msg timestamp="20220315 12:11:18.033" level="INFO">Typing text '16' into text field 'id=getInTouchEmpCount'.</msg>
<status status="PASS" starttime="20220315 12:11:18.033" endtime="20220315 12:11:18.112"/>
</kw>
<kw name="Click Element" library="SeleniumLibrary">
<arg>xpath=//button[@type="submit"]</arg>
<doc>Click the element identified by ``locator``.</doc>
<msg timestamp="20220315 12:11:18.113" level="INFO">Clicking element 'xpath=//button[@type="submit"]'.</msg>
<status status="PASS" starttime="20220315 12:11:18.113" endtime="20220315 12:11:18.162"/>
</kw>
<kw name="Close Window" library="SeleniumLibrary">
<doc>Closes currently opened and selected browser window/tab.</doc>
<status status="PASS" starttime="20220315 12:11:18.162" endtime="20220315 12:11:20.571"/>
</kw>
<status status="PASS" starttime="20220315 12:10:13.292" endtime="20220315 12:11:20.572"/>
</test>
<status status="PASS" starttime="20220315 12:10:13.022" endtime="20220315 12:11:20.574"/>
</suite>
<statistics>
<total>
<stat pass="1" fail="0" skip="0">All Tests</stat>
</total>
<tag>
</tag>
<suite>
<stat pass="1" fail="0" skip="0" id="s1" name="Demo3 Mb Suite">Demo3 Mb Suite</stat>
</suite>
</statistics>
<errors>
</errors>
</robot>
