<?xml version="1.0" encoding="UTF-8"?>
<robot generator="Robot 4.1.3 (Python 3.10.2 on win32)" generated="20220315 16:50:40.754" rpa="false" schemaversion="2">
<suite id="s1" name="Demo7 Nass Suite" source="B:\2.L&amp;T Technology Services InternShip\week 6.Robot framework\robot_project\selenium_suite\demo7_nass_suite.robot">
<test id="s1-t1" name="TC1">
<kw name="Open Browser" library="SeleniumLibrary">
<arg>browser=chrome</arg>
<arg>executable_path=${EXECDIR}${/}driver${/}chromedriver.exe</arg>
<doc>Opens a new browser instance to the optional ``url``.</doc>
<msg timestamp="20220315 16:50:41.004" level="INFO">Opening browser 'chrome' to base url 'None'.</msg>
<status status="PASS" starttime="20220315 16:50:41.004" endtime="20220315 16:50:43.192"/>
</kw>
<kw name="Maximize Browser Window" library="SeleniumLibrary">
<doc>Maximizes current browser window.</doc>
<status status="PASS" starttime="20220315 16:50:43.192" endtime="20220315 16:50:43.335"/>
</kw>
<kw name="Set Selenium Implicit Wait" library="SeleniumLibrary">
<arg>20s</arg>
<doc>Sets the implicit wait value used by Selenium.</doc>
<status status="PASS" starttime="20220315 16:50:43.335" endtime="20220315 16:50:43.343"/>
</kw>
<kw name="Go To" library="SeleniumLibrary">
<arg>url=https://nasscom.in/nasscom-membership</arg>
<doc>Navigates the current browser window to the provided ``url``.</doc>
<msg timestamp="20220315 16:50:43.343" level="INFO">Opening url 'https://nasscom.in/nasscom-membership'</msg>
<status status="PASS" starttime="20220315 16:50:43.343" endtime="20220315 16:50:46.757"/>
</kw>
<kw name="Click Element" library="SeleniumLibrary">
<arg>id=edit-field-membership-type-und-1203</arg>
<doc>Click the element identified by ``locator``.</doc>
<msg timestamp="20220315 16:50:46.758" level="INFO">Clicking element 'id=edit-field-membership-type-und-1203'.</msg>
<status status="PASS" starttime="20220315 16:50:46.758" endtime="20220315 16:50:46.828"/>
</kw>
<kw name="Click Element" library="SeleniumLibrary">
<arg>id=edit-field-business-focus-inst-und-970</arg>
<doc>Click the element identified by ``locator``.</doc>
<msg timestamp="20220315 16:50:46.829" level="INFO">Clicking element 'id=edit-field-business-focus-inst-und-970'.</msg>
<status status="PASS" starttime="20220315 16:50:46.829" endtime="20220315 16:50:47.197"/>
</kw>
<kw name="Click Element" library="SeleniumLibrary">
<arg>id=edit-field-business-focus-inst-und-968</arg>
<doc>Click the element identified by ``locator``.</doc>
<msg timestamp="20220315 16:50:47.198" level="INFO">Clicking element 'id=edit-field-business-focus-inst-und-968'.</msg>
<status status="PASS" starttime="20220315 16:50:47.198" endtime="20220315 16:50:47.274"/>
</kw>
<kw name="Input Text" library="SeleniumLibrary">
<arg>id=edit-title</arg>
<arg>LT</arg>
<doc>Types the given ``text`` into the text field identified by ``locator``.</doc>
<msg timestamp="20220315 16:50:47.282" level="INFO">Typing text 'LT' into text field 'id=edit-title'.</msg>
<status status="PASS" starttime="20220315 16:50:47.274" endtime="20220315 16:50:47.441"/>
</kw>
<kw name="Input Text" library="SeleniumLibrary">
<arg>id=edit-field-address-line-1-und-0-value</arg>
<arg>10-111 konda</arg>
<doc>Types the given ``text`` into the text field identified by ``locator``.</doc>
<msg timestamp="20220315 16:50:47.441" level="INFO">Typing text '10-111 konda' into text field 'id=edit-field-address-line-1-und-0-value'.</msg>
<status status="PASS" starttime="20220315 16:50:47.441" endtime="20220315 16:50:47.602"/>
</kw>
<kw name="Select From List By Label" library="SeleniumLibrary">
<arg>xpath=//select[@id="edit-field-state-member-und"]</arg>
<arg>Tamil Nadu</arg>
<doc>Selects options from selection list ``locator`` by ``labels``.</doc>
<msg timestamp="20220315 16:50:47.602" level="INFO">Selecting options from selection list 'xpath=//select[@id="edit-field-state-member-und"]' by label Tamil Nadu.</msg>
<status status="PASS" starttime="20220315 16:50:47.602" endtime="20220315 16:50:47.672"/>
</kw>
<kw name="Select From List By Label" library="SeleniumLibrary">
<arg>id=edit-field-city-membership-und</arg>
<arg>Chennai</arg>
<doc>Selects options from selection list ``locator`` by ``labels``.</doc>
<msg timestamp="20220315 16:50:47.682" level="INFO">Selecting options from selection list 'id=edit-field-city-membership-und' by label Chennai.</msg>
<status status="PASS" starttime="20220315 16:50:47.672" endtime="20220315 16:50:47.764"/>
</kw>
<kw name="Click Element" library="SeleniumLibrary">
<arg>id=edit-field-mode-of-payment-und-1</arg>
<doc>Click the element identified by ``locator``.</doc>
<msg timestamp="20220315 16:50:47.764" level="INFO">Clicking element 'id=edit-field-mode-of-payment-und-1'.</msg>
<status status="PASS" starttime="20220315 16:50:47.764" endtime="20220315 16:50:47.838"/>
</kw>
<kw name="Click Element" library="SeleniumLibrary">
<arg>id=edit-field-code-of-conduct-und-0</arg>
<doc>Click the element identified by ``locator``.</doc>
<msg timestamp="20220315 16:50:47.838" level="INFO">Clicking element 'id=edit-field-code-of-conduct-und-0'.</msg>
<status status="PASS" starttime="20220315 16:50:47.838" endtime="20220315 16:50:47.899"/>
</kw>
<kw name="Click Element" library="SeleniumLibrary">
<arg>id=edit-preview</arg>
<doc>Click the element identified by ``locator``.</doc>
<msg timestamp="20220315 16:50:47.900" level="INFO">Clicking element 'id=edit-preview'.</msg>
<status status="PASS" starttime="20220315 16:50:47.900" endtime="20220315 16:50:48.044"/>
</kw>
<status status="PASS" starttime="20220315 16:50:41.004" endtime="20220315 16:50:48.051"/>
</test>
<status status="PASS" starttime="20220315 16:50:40.754" endtime="20220315 16:50:48.053"/>
</suite>
<statistics>
<total>
<stat pass="1" fail="0" skip="0">All Tests</stat>
</total>
<tag>
</tag>
<suite>
<stat pass="1" fail="0" skip="0" id="s1" name="Demo7 Nass Suite">Demo7 Nass Suite</stat>
</suite>
</statistics>
<errors>
</errors>
</robot>
