<?xml version="1.0" encoding="UTF-8"?>
<robot generator="Robot 4.1.3 (Python 3.10.2 on win32)" generated="20220311 15:47:56.069" rpa="false" schemaversion="2">
<suite id="s1" name="Demo2 Suite" source="B:\2.L&amp;T Technology Services InternShip\week 6.Robot framework\robot_project\robot_suite\demo2_suite.robot">
<test id="s1-t1" name="TC1">
<kw name="Get Current Date" library="DateTime">
<var>${cdt}</var>
<doc>Returns current local or UTC time with an optional increment.</doc>
<msg timestamp="20220311 15:47:56.099" level="INFO">${cdt} = 2022-03-11 15:47:56.099</msg>
<status status="PASS" starttime="20220311 15:47:56.099" endtime="20220311 15:47:56.099"/>
</kw>
<kw name="Log To Console" library="BuiltIn">
<arg>${cdt}</arg>
<doc>Logs the given message to the console.</doc>
<status status="PASS" starttime="20220311 15:47:56.099" endtime="20220311 15:47:56.100"/>
</kw>
<kw name="Log" library="BuiltIn">
<arg>${cdt}</arg>
<doc>Logs the given message with the given level.</doc>
<msg timestamp="20220311 15:47:56.100" level="INFO">2022-03-11 15:47:56.099</msg>
<status status="PASS" starttime="20220311 15:47:56.100" endtime="20220311 15:47:56.100"/>
</kw>
<kw name="Comment" library="BuiltIn">
<arg>we will get cureent time</arg>
<doc>Displays the given messages in the log file as keyword arguments.</doc>
<status status="PASS" starttime="20220311 15:47:56.101" endtime="20220311 15:47:56.101"/>
</kw>
<status status="PASS" starttime="20220311 15:47:56.098" endtime="20220311 15:47:56.101"/>
</test>
<status status="PASS" starttime="20220311 15:47:56.071" endtime="20220311 15:47:56.103"/>
</suite>
<statistics>
<total>
<stat pass="1" fail="0" skip="0">All Tests</stat>
</total>
<tag>
</tag>
<suite>
<stat pass="1" fail="0" skip="0" id="s1" name="Demo2 Suite">Demo2 Suite</stat>
</suite>
</statistics>
<errors>
</errors>
</robot>
