<?xml version="1.0" encoding="UTF-8"?>
<robot generator="Robot 4.1.3 (Python 3.10.2 on win32)" generated="20220314 11:17:41.579" rpa="false" schemaversion="2">
<suite id="s1" name="Demo3 Suite" source="B:\2.L&amp;T Technology Services InternShip\week 6.Robot framework\robot_project\robot_suite\demo3_suite.robot">
<test id="s1-t1" name="TC1">
<kw name="Log To Console" library="BuiltIn">
<arg>B:\\2.L&amp;T Technology Services InternShip\\week 6.Robot framework\\robot_project\\robot_suite</arg>
<doc>Logs the given message to the console.</doc>
<status status="PASS" starttime="20220314 11:17:41.615" endtime="20220314 11:17:41.615"/>
</kw>
<kw name="Log To Console" library="BuiltIn">
<arg>${EXECDIR}</arg>
<doc>Logs the given message to the console.</doc>
<status status="PASS" starttime="20220314 11:17:41.615" endtime="20220314 11:17:41.615"/>
</kw>
<kw name="Log To Console" library="BuiltIn">
<arg>${OUTPUT_DIR}</arg>
<doc>Logs the given message to the console.</doc>
<status status="PASS" starttime="20220314 11:17:41.615" endtime="20220314 11:17:41.615"/>
</kw>
<kw name="Log To Console" library="BuiltIn">
<arg>${TEMPDIR}</arg>
<doc>Logs the given message to the console.</doc>
<status status="PASS" starttime="20220314 11:17:41.615" endtime="20220314 11:17:41.615"/>
</kw>
<kw name="Log To Console" library="BuiltIn">
<arg>${TEST_NAME}</arg>
<doc>Logs the given message to the console.</doc>
<status status="PASS" starttime="20220314 11:17:41.615" endtime="20220314 11:17:41.615"/>
</kw>
<kw name="Log To Console" library="BuiltIn">
<arg>${SUITE_NAME}</arg>
<doc>Logs the given message to the console.</doc>
<status status="PASS" starttime="20220314 11:17:41.615" endtime="20220314 11:17:41.615"/>
</kw>
<status status="PASS" starttime="20220314 11:17:41.614" endtime="20220314 11:17:41.615"/>
</test>
<test id="s1-t2" name="TC2">
<kw name="Create Directory" library="OperatingSystem">
<arg>R:${/}Temp${/}My_Folder</arg>
<doc>Creates the specified directory.</doc>
<msg timestamp="20220314 11:17:41.623" level="INFO" html="true">Created directory '&lt;a href="file://R:\Temp\My_Folder"&gt;R:\Temp\My_Folder&lt;/a&gt;'.</msg>
<status status="PASS" starttime="20220314 11:17:41.615" endtime="20220314 11:17:41.623"/>
</kw>
<kw name="Create File" library="OperatingSystem">
<arg>R:${/}Temp${/}My_Folder${/}notes.txt</arg>
<arg>raja lakkakula</arg>
<doc>Creates a file with the given content and encoding.</doc>
<msg timestamp="20220314 11:17:41.624" level="INFO" html="true">Created file '&lt;a href="file://R:\Temp\My_Folder\notes.txt"&gt;R:\Temp\My_Folder\notes.txt&lt;/a&gt;'.</msg>
<status status="PASS" starttime="20220314 11:17:41.624" endtime="20220314 11:17:41.624"/>
</kw>
<kw name="Copy File" library="OperatingSystem">
<arg>R:${/}Temp${/}My_Folder${/}notes.txt</arg>
<arg>R:${/}Temp${/}copy.txt</arg>
<doc>Copies the source file into the destination.</doc>
<msg timestamp="20220314 11:17:41.624" level="INFO" html="true">Copied file from '&lt;a href="file://R:\Temp\My_Folder\notes.txt"&gt;R:\Temp\My_Folder\notes.txt&lt;/a&gt;' to '&lt;a href="file://R:\Temp\copy.txt"&gt;R:\Temp\copy.txt&lt;/a&gt;'.</msg>
<status status="PASS" starttime="20220314 11:17:41.624" endtime="20220314 11:17:41.624"/>
</kw>
<kw name="Remove File" library="OperatingSystem">
<arg>R:${/}Temp${/}My_Folder${/}notes.txt</arg>
<doc>Removes a file with the given path.</doc>
<msg timestamp="20220314 11:17:41.624" level="INFO" html="true">Removed file '&lt;a href="file://R:\Temp\My_Folder\notes.txt"&gt;R:\Temp\My_Folder\notes.txt&lt;/a&gt;'.</msg>
<status status="PASS" starttime="20220314 11:17:41.624" endtime="20220314 11:17:41.624"/>
</kw>
<kw name="Remove Directory" library="OperatingSystem">
<arg>R:${/}Temp${/}My_Folder</arg>
<doc>Removes the directory pointed to by the given ``path``.</doc>
<msg timestamp="20220314 11:17:41.624" level="INFO" html="true">Listing contents of directory '&lt;a href="file://R:\Temp\My_Folder"&gt;R:\Temp\My_Folder&lt;/a&gt;'.</msg>
<msg timestamp="20220314 11:17:41.624" level="INFO" html="true">Directory '&lt;a href="file://R:\Temp\My_Folder"&gt;R:\Temp\My_Folder&lt;/a&gt;' is empty.</msg>
<msg timestamp="20220314 11:17:41.624" level="INFO" html="true">Removed directory '&lt;a href="file://R:\Temp\My_Folder"&gt;R:\Temp\My_Folder&lt;/a&gt;'.</msg>
<status status="PASS" starttime="20220314 11:17:41.624" endtime="20220314 11:17:41.624"/>
</kw>
<status status="PASS" starttime="20220314 11:17:41.615" endtime="20220314 11:17:41.624"/>
</test>
<test id="s1-t3" name="TC3">
<kw name="Create Directory" library="OperatingSystem">
<arg>${EXECDIR}${/}konda</arg>
<doc>Creates the specified directory.</doc>
<msg timestamp="20220314 11:17:41.633" level="INFO" html="true">Directory '&lt;a href="file://B:\2.L&amp;T Technology Services InternShip\week 6.Robot framework\robot_project\konda"&gt;B:\2.L&amp;T Technology Services InternShip\week 6.Robot framework\robot_project\konda&lt;/a&gt;' already exists.</msg>
<status status="PASS" starttime="20220314 11:17:41.624" endtime="20220314 11:17:41.633"/>
</kw>
<kw name="Create File" library="OperatingSystem">
<arg>${EXECDIR}${/}konda${/}babu.txt</arg>
<doc>Creates a file with the given content and encoding.</doc>
<msg timestamp="20220314 11:17:41.634" level="INFO" html="true">Created file '&lt;a href="file://B:\2.L&amp;T Technology Services InternShip\week 6.Robot framework\robot_project\konda\babu.txt"&gt;B:\2.L&amp;T Technology Services InternShip\week 6.Robot framework\robot_project\konda\babu.txt&lt;/a&gt;'.</msg>
<status status="PASS" starttime="20220314 11:17:41.633" endtime="20220314 11:17:41.634"/>
</kw>
<kw name="Sleep" library="BuiltIn">
<arg>5s</arg>
<doc>Pauses the test executed for the given time.</doc>
<msg timestamp="20220314 11:17:46.639" level="INFO">Slept 5 seconds</msg>
<status status="PASS" starttime="20220314 11:17:41.634" endtime="20220314 11:17:46.639"/>
</kw>
<kw name="Remove Directory" library="OperatingSystem">
<arg>${EXECDIR}${/}konda</arg>
<arg>True</arg>
<doc>Removes the directory pointed to by the given ``path``.</doc>
<msg timestamp="20220314 11:17:46.639" level="INFO" html="true">Removed directory '&lt;a href="file://B:\2.L&amp;T Technology Services InternShip\week 6.Robot framework\robot_project\konda"&gt;B:\2.L&amp;T Technology Services InternShip\week 6.Robot framework\robot_project\konda&lt;/a&gt;'.</msg>
<status status="PASS" starttime="20220314 11:17:46.639" endtime="20220314 11:17:46.639"/>
</kw>
<status status="PASS" starttime="20220314 11:17:41.624" endtime="20220314 11:17:46.639"/>
</test>
<status status="PASS" starttime="20220314 11:17:41.579" endtime="20220314 11:17:46.644"/>
</suite>
<statistics>
<total>
<stat pass="3" fail="0" skip="0">All Tests</stat>
</total>
<tag>
</tag>
<suite>
<stat pass="3" fail="0" skip="0" id="s1" name="Demo3 Suite">Demo3 Suite</stat>
</suite>
</statistics>
<errors>
</errors>
</robot>
