<?xml version="1.0" encoding="UTF-8"?>
<robot generator="Robot 4.1.3 (Python 3.10.2 on win32)" generated="20220315 15:14:47.693" rpa="false" schemaversion="2">
<suite id="s1" name="Demo5 Frame Suite" source="B:\2.L&amp;T Technology Services InternShip\week 6.Robot framework\robot_project\selenium_suite\demo5_frame_suite.robot">
<test id="s1-t1" name="TC1">
<kw name="Open Browser" library="SeleniumLibrary">
<arg>browser=chrome</arg>
<arg>executable_path=${EXECDIR}${/}driver${/}chromedriver.exe</arg>
<doc>Opens a new browser instance to the optional ``url``.</doc>
<msg timestamp="20220315 15:14:47.934" level="INFO">Opening browser 'chrome' to base url 'None'.</msg>
<status status="PASS" starttime="20220315 15:14:47.934" endtime="20220315 15:14:50.303"/>
</kw>
<kw name="Set Selenium Implicit Wait" library="SeleniumLibrary">
<arg>30s</arg>
<doc>Sets the implicit wait value used by Selenium.</doc>
<status status="PASS" starttime="20220315 15:14:50.304" endtime="20220315 15:14:50.304"/>
</kw>
<kw name="Maximize Browser Window" library="SeleniumLibrary">
<doc>Maximizes current browser window.</doc>
<status status="PASS" starttime="20220315 15:14:50.304" endtime="20220315 15:14:50.436"/>
</kw>
<kw name="Go To" library="SeleniumLibrary">
<arg>url=https://netbanking.hdfcbank.com/netbanking/</arg>
<doc>Navigates the current browser window to the provided ``url``.</doc>
<msg timestamp="20220315 15:14:50.436" level="INFO">Opening url 'https://netbanking.hdfcbank.com/netbanking/'</msg>
<status status="PASS" starttime="20220315 15:14:50.436" endtime="20220315 15:14:53.106"/>
</kw>
<kw name="Select Frame" library="SeleniumLibrary">
<arg>name=login_page</arg>
<doc>Sets frame identified by ``locator`` as the current frame.</doc>
<msg timestamp="20220315 15:14:53.107" level="INFO">Selecting frame 'name=login_page'.</msg>
<status status="PASS" starttime="20220315 15:14:53.107" endtime="20220315 15:14:53.132"/>
</kw>
<kw name="Input Text" library="SeleniumLibrary">
<arg>name=fldLoginUserId</arg>
<arg>test123</arg>
<doc>Types the given ``text`` into the text field identified by ``locator``.</doc>
<msg timestamp="20220315 15:14:53.132" level="INFO">Typing text 'test123' into text field 'name=fldLoginUserId'.</msg>
<status status="PASS" starttime="20220315 15:14:53.132" endtime="20220315 15:14:53.204"/>
</kw>
<kw name="Click Element" library="SeleniumLibrary">
<arg>link=CONTINUE</arg>
<doc>Click the element identified by ``locator``.</doc>
<msg timestamp="20220315 15:14:53.204" level="INFO">Clicking element 'link=CONTINUE'.</msg>
<status status="PASS" starttime="20220315 15:14:53.204" endtime="20220315 15:14:54.272"/>
</kw>
<status status="PASS" starttime="20220315 15:14:47.934" endtime="20220315 15:14:54.272"/>
</test>
<status status="PASS" starttime="20220315 15:14:47.702" endtime="20220315 15:14:54.274"/>
</suite>
<statistics>
<total>
<stat pass="1" fail="0" skip="0">All Tests</stat>
</total>
<tag>
</tag>
<suite>
<stat pass="1" fail="0" skip="0" id="s1" name="Demo5 Frame Suite">Demo5 Frame Suite</stat>
</suite>
</statistics>
<errors>
</errors>
</robot>
