<?xml version="1.0" encoding="UTF-8"?>
<robot generator="Robot 4.1.3 (Python 3.10.2 on win32)" generated="20220316 10:17:36.524" rpa="false" schemaversion="2">
<suite id="s1" name="Demo8 Alert Suite" source="B:\2.L&amp;T Technology Services InternShip\week 6.Robot framework\robot_project\selenium_suite\demo8_alert_suite.robot">
<test id="s1-t1" name="TC2">
<kw name="Open Browser" library="SeleniumLibrary">
<arg>browser=chrome</arg>
<arg>executable_path=${EXECDIR}${/}driver${/}chromedriver.exe</arg>
<doc>Opens a new browser instance to the optional ``url``.</doc>
<msg timestamp="20220316 10:17:36.777" level="INFO">Opening browser 'chrome' to base url 'None'.</msg>
<status status="PASS" starttime="20220316 10:17:36.777" endtime="20220316 10:17:39.017"/>
</kw>
<kw name="Maximize Browser Window" library="SeleniumLibrary">
<doc>Maximizes current browser window.</doc>
<status status="PASS" starttime="20220316 10:17:39.018" endtime="20220316 10:17:39.145"/>
</kw>
<kw name="Set Selenium Implicit Wait" library="SeleniumLibrary">
<arg>20s</arg>
<doc>Sets the implicit wait value used by Selenium.</doc>
<status status="PASS" starttime="20220316 10:17:39.146" endtime="20220316 10:17:39.147"/>
</kw>
<kw name="Go To" library="SeleniumLibrary">
<arg>url=https://nasscom.in/nasscom-membership</arg>
<doc>Navigates the current browser window to the provided ``url``.</doc>
<msg timestamp="20220316 10:17:39.148" level="INFO">Opening url 'https://nasscom.in/nasscom-membership'</msg>
<status status="PASS" starttime="20220316 10:17:39.148" endtime="20220316 10:17:45.547"/>
</kw>
<kw name="Click Element" library="SeleniumLibrary">
<arg>link=Calculate Membership Fee</arg>
<doc>Click the element identified by ``locator``.</doc>
<msg timestamp="20220316 10:17:45.548" level="INFO">Clicking element 'link=Calculate Membership Fee'.</msg>
<status status="PASS" starttime="20220316 10:17:45.547" endtime="20220316 10:17:45.617"/>
</kw>
<kw name="Handle Alert" library="SeleniumLibrary">
<var>${alt}</var>
<arg>action=ACCEPT</arg>
<arg>timeout=50s</arg>
<doc>Handles the current alert and returns its message.</doc>
<msg timestamp="20220316 10:17:45.618" level="INFO">HANDLE::&lt;class 'datetime.timedelta'&gt;::0:00:50</msg>
<msg timestamp="20220316 10:17:45.626" level="INFO">${alt} = Please enter amount in digit and greater than zero.</msg>
<status status="PASS" starttime="20220316 10:17:45.618" endtime="20220316 10:17:45.626"/>
</kw>
<kw name="Log To Console" library="BuiltIn">
<arg>${alt}</arg>
<doc>Logs the given message to the console.</doc>
<status status="PASS" starttime="20220316 10:17:45.627" endtime="20220316 10:17:45.627"/>
</kw>
<kw name="Close Browser" library="SeleniumLibrary" type="TEARDOWN">
<doc>Closes the current browser.</doc>
<status status="PASS" starttime="20220316 10:17:45.628" endtime="20220316 10:17:47.724"/>
</kw>
<status status="PASS" starttime="20220316 10:17:36.776" endtime="20220316 10:17:47.725"/>
</test>
<status status="PASS" starttime="20220316 10:17:36.526" endtime="20220316 10:17:47.729"/>
</suite>
<statistics>
<total>
<stat pass="1" fail="0" skip="0">All Tests</stat>
</total>
<tag>
</tag>
<suite>
<stat pass="1" fail="0" skip="0" id="s1" name="Demo8 Alert Suite">Demo8 Alert Suite</stat>
</suite>
</statistics>
<errors>
</errors>
</robot>
