<?xml version="1.0" encoding="UTF-8"?>
<robot generator="Robot 4.1.3 (Python 3.10.2 on win32)" generated="20220316 16:01:15.516" rpa="false" schemaversion="2">
<suite id="s1" name="Demo10 Km Suite" source="B:\2.L&amp;T Technology Services InternShip\week 6.Robot framework\robot_project\selenium_suite\demo10_km_suite.robot">
<test id="s1-t1" name="TC3">
<kw name="Open Browser" library="SeleniumLibrary">
<arg>browser=chrome</arg>
<arg>executable_path=${EXECDIR}${/}driver${/}chromedriver.exe</arg>
<doc>Opens a new browser instance to the optional ``url``.</doc>
<msg timestamp="20220316 16:01:15.736" level="INFO">Opening browser 'chrome' to base url 'None'.</msg>
<status status="PASS" starttime="20220316 16:01:15.736" endtime="20220316 16:01:17.956"/>
</kw>
<kw name="Maximize Browser Window" library="SeleniumLibrary">
<doc>Maximizes current browser window.</doc>
<status status="PASS" starttime="20220316 16:01:17.957" endtime="20220316 16:01:18.096"/>
</kw>
<kw name="Set Selenium Implicit Wait" library="SeleniumLibrary">
<arg>20s</arg>
<doc>Sets the implicit wait value used by Selenium.</doc>
<status status="PASS" starttime="20220316 16:01:18.096" endtime="20220316 16:01:18.096"/>
</kw>
<kw name="Set Selenium Speed" library="SeleniumLibrary">
<arg>1s</arg>
<doc>Sets the delay that is waited after each Selenium command.</doc>
<status status="PASS" starttime="20220316 16:01:18.096" endtime="20220316 16:01:18.096"/>
</kw>
<kw name="Go To" library="SeleniumLibrary">
<arg>url=https://nasscom.in/</arg>
<doc>Navigates the current browser window to the provided ``url``.</doc>
<msg timestamp="20220316 16:01:18.096" level="INFO">Opening url 'https://nasscom.in/'</msg>
<status status="PASS" starttime="20220316 16:01:18.096" endtime="20220316 16:01:27.135"/>
</kw>
<kw name="Mouse Over" library="SeleniumLibrary">
<arg>xpath=//a[text()='Membership']</arg>
<doc>Simulates hovering the mouse over the element ``locator``.</doc>
<msg timestamp="20220316 16:01:27.136" level="INFO">Simulating Mouse Over on element 'xpath=//a[text()='Membership']'.</msg>
<status status="PASS" starttime="20220316 16:01:27.135" endtime="20220316 16:01:30.478"/>
</kw>
<kw name="Click Element" library="SeleniumLibrary">
<arg>xpath=//a[text()="Members Listing"]</arg>
<doc>Click the element identified by ``locator``.</doc>
<msg timestamp="20220316 16:01:30.479" level="INFO">Clicking element 'xpath=//a[text()="Members Listing"]'.</msg>
<status status="PASS" starttime="20220316 16:01:30.478" endtime="20220316 16:01:34.124"/>
</kw>
<status status="PASS" starttime="20220316 16:01:15.736" endtime="20220316 16:01:34.124"/>
</test>
<status status="PASS" starttime="20220316 16:01:15.516" endtime="20220316 16:01:34.126"/>
</suite>
<statistics>
<total>
<stat pass="1" fail="0" skip="0">All Tests</stat>
</total>
<tag>
</tag>
<suite>
<stat pass="1" fail="0" skip="0" id="s1" name="Demo10 Km Suite">Demo10 Km Suite</stat>
</suite>
</statistics>
<errors>
</errors>
</robot>
