<?xml version="1.0" encoding="UTF-8"?>
<robot generator="Robot 4.1.3 (Python 3.10.2 on win32)" generated="20220316 14:29:43.065" rpa="false" schemaversion="2">
<suite id="s1" name="Demo9 Royel Suite" source="B:\2.L&amp;T Technology Services InternShip\week 6.Robot framework\robot_project\selenium_suite\demo9_royel_suite.robot">
<test id="s1-t1" name="TC1 Sign Up">
<kw name="Open Browser" library="SeleniumLibrary">
<arg>browser=chrome</arg>
<arg>executable_path=${EXECDIR}${/}driver${/}chromedriver.exe</arg>
<doc>Opens a new browser instance to the optional ``url``.</doc>
<msg timestamp="20220316 14:29:43.316" level="INFO">Opening browser 'chrome' to base url 'None'.</msg>
<status status="PASS" starttime="20220316 14:29:43.316" endtime="20220316 14:29:45.555"/>
</kw>
<kw name="Maximize Browser Window" library="SeleniumLibrary">
<doc>Maximizes current browser window.</doc>
<status status="PASS" starttime="20220316 14:29:45.555" endtime="20220316 14:29:45.677"/>
</kw>
<kw name="Set Selenium Implicit Wait" library="SeleniumLibrary">
<arg>20s</arg>
<doc>Sets the implicit wait value used by Selenium.</doc>
<status status="PASS" starttime="20220316 14:29:45.677" endtime="20220316 14:29:45.685"/>
</kw>
<kw name="Set Selenium Speed" library="SeleniumLibrary">
<arg>1s</arg>
<doc>Sets the delay that is waited after each Selenium command.</doc>
<status status="PASS" starttime="20220316 14:29:45.685" endtime="20220316 14:29:45.685"/>
</kw>
<kw name="Go To" library="SeleniumLibrary">
<arg>url=https://www.royalcaribbean.com/account/</arg>
<doc>Navigates the current browser window to the provided ``url``.</doc>
<msg timestamp="20220316 14:29:45.691" level="INFO">Opening url 'https://www.royalcaribbean.com/account/'</msg>
<status status="PASS" starttime="20220316 14:29:45.691" endtime="20220316 14:29:50.848"/>
</kw>
<kw name="Click Element" library="SeleniumLibrary">
<arg>link=Create an account</arg>
<doc>Click the element identified by ``locator``.</doc>
<msg timestamp="20220316 14:29:50.848" level="INFO">Clicking element 'link=Create an account'.</msg>
<status status="PASS" starttime="20220316 14:29:50.848" endtime="20220316 14:29:56.426"/>
</kw>
<kw name="Input Text" library="SeleniumLibrary">
<arg>xpath=//input[@data-placeholder="First name/Given name"]</arg>
<arg>raja</arg>
<doc>Types the given ``text`` into the text field identified by ``locator``.</doc>
<msg timestamp="20220316 14:29:56.426" level="INFO">Typing text 'raja' into text field 'xpath=//input[@data-placeholder="First name/Given name"]'.</msg>
<status status="PASS" starttime="20220316 14:29:56.426" endtime="20220316 14:30:02.714"/>
</kw>
<kw name="Input Text" library="SeleniumLibrary">
<arg>xpath=//input[@data-placeholder="Last name/Surname"]</arg>
<arg>konda</arg>
<doc>Types the given ``text`` into the text field identified by ``locator``.</doc>
<msg timestamp="20220316 14:30:02.716" level="INFO">Typing text 'konda' into text field 'xpath=//input[@data-placeholder="Last name/Surname"]'.</msg>
<status status="PASS" starttime="20220316 14:30:02.715" endtime="20220316 14:30:05.927"/>
</kw>
<kw name="Click Element" library="SeleniumLibrary">
<arg>xpath=//span[contains(text(),'Month')]</arg>
<doc>Click the element identified by ``locator``.</doc>
<msg timestamp="20220316 14:30:05.927" level="INFO">Clicking element 'xpath=//span[contains(text(),'Month')]'.</msg>
<status status="PASS" starttime="20220316 14:30:05.927" endtime="20220316 14:30:08.041"/>
</kw>
<kw name="Click Element" library="SeleniumLibrary">
<arg>xpath=//span[contains(text(),'April')]</arg>
<doc>Click the element identified by ``locator``.</doc>
<msg timestamp="20220316 14:30:08.043" level="INFO">Clicking element 'xpath=//span[contains(text(),'April')]'.</msg>
<status status="PASS" starttime="20220316 14:30:08.042" endtime="20220316 14:30:10.138"/>
</kw>
<kw name="Click Element" library="SeleniumLibrary">
<arg>xpath=//span[contains(text(),'Day')]</arg>
<doc>Click the element identified by ``locator``.</doc>
<msg timestamp="20220316 14:30:10.139" level="INFO">Clicking element 'xpath=//span[contains(text(),'Day')]'.</msg>
<status status="PASS" starttime="20220316 14:30:10.139" endtime="20220316 14:30:12.248"/>
</kw>
<kw name="Scroll Element Into View" library="SeleniumLibrary">
<arg>xpath=//span[contains(text(),'28')]</arg>
<doc>Scrolls the element identified by ``locator`` into view.</doc>
<status status="PASS" starttime="20220316 14:30:12.248" endtime="20220316 14:30:15.110"/>
</kw>
<kw name="Click Element" library="SeleniumLibrary">
<arg>xpath=//span[contains(text(),'26')]</arg>
<doc>Click the element identified by ``locator``.</doc>
<msg timestamp="20220316 14:30:15.112" level="INFO">Clicking element 'xpath=//span[contains(text(),'26')]'.</msg>
<status status="PASS" starttime="20220316 14:30:15.111" endtime="20220316 14:30:17.236"/>
</kw>
<kw name="Input Text" library="SeleniumLibrary">
<arg>xpath=//input[@data-placeholder="Year"]</arg>
<arg>1998</arg>
<doc>Types the given ``text`` into the text field identified by ``locator``.</doc>
<msg timestamp="20220316 14:30:17.237" level="INFO">Typing text '1998' into text field 'xpath=//input[@data-placeholder="Year"]'.</msg>
<status status="PASS" starttime="20220316 14:30:17.236" endtime="20220316 14:30:20.410"/>
</kw>
<kw name="Click Element" library="SeleniumLibrary">
<arg>xpath=//span[contains(text(),'residence')]</arg>
<doc>Click the element identified by ``locator``.</doc>
<msg timestamp="20220316 14:30:20.412" level="INFO">Clicking element 'xpath=//span[contains(text(),'residence')]'.</msg>
<status status="PASS" starttime="20220316 14:30:20.411" endtime="20220316 14:30:22.604"/>
</kw>
<kw name="Scroll Element Into View" library="SeleniumLibrary">
<arg>xpath=//span[contains(text(),'Iraq')]</arg>
<doc>Scrolls the element identified by ``locator`` into view.</doc>
<status status="PASS" starttime="20220316 14:30:22.606" endtime="20220316 14:30:34.534"/>
</kw>
<kw name="Click Element" library="SeleniumLibrary">
<arg>xpath=(//span[contains(text(),'India')])[2]</arg>
<doc>Click the element identified by ``locator``.</doc>
<msg timestamp="20220316 14:30:34.535" level="INFO">Clicking element 'xpath=(//span[contains(text(),'India')])[2]'.</msg>
<status status="PASS" starttime="20220316 14:30:34.535" endtime="20220316 14:30:36.700"/>
</kw>
<kw name="Input Text" library="SeleniumLibrary">
<arg>xpath=//input[@data-placeholder="Email address"]</arg>
<arg>kondababu@gmail.com</arg>
<doc>Types the given ``text`` into the text field identified by ``locator``.</doc>
<msg timestamp="20220316 14:30:36.701" level="INFO">Typing text 'kondababu@gmail.com' into text field 'xpath=//input[@data-placeholder="Email address"]'.</msg>
<status status="PASS" starttime="20220316 14:30:36.701" endtime="20220316 14:30:39.954"/>
</kw>
<kw name="Click Element" library="SeleniumLibrary">
<arg>xpath=//span[contains(text(),'security')]</arg>
<doc>Click the element identified by ``locator``.</doc>
<msg timestamp="20220316 14:30:39.955" level="INFO">Clicking element 'xpath=//span[contains(text(),'security')]'.</msg>
<status status="PASS" starttime="20220316 14:30:39.954" endtime="20220316 14:30:42.108"/>
</kw>
<kw name="Scroll Element Into View" library="SeleniumLibrary">
<arg>xpath=//span[contains(text(),'album')]</arg>
<doc>Scrolls the element identified by ``locator`` into view.</doc>
<status status="PASS" starttime="20220316 14:30:42.109" endtime="20220316 14:30:44.457"/>
</kw>
<kw name="Click Element" library="SeleniumLibrary">
<arg>xpath=//span[contains(text(),'vacation')]</arg>
<doc>Click the element identified by ``locator``.</doc>
<msg timestamp="20220316 14:30:44.461" level="INFO">Clicking element 'xpath=//span[contains(text(),'vacation')]'.</msg>
<status status="PASS" starttime="20220316 14:30:44.459" endtime="20220316 14:30:46.565"/>
</kw>
<kw name="Input Text" library="SeleniumLibrary">
<arg>xpath=//input[@data-placeholder="Answer"]</arg>
<arg>Desaipeta</arg>
<doc>Types the given ``text`` into the text field identified by ``locator``.</doc>
<msg timestamp="20220316 14:30:46.566" level="INFO">Typing text 'Desaipeta' into text field 'xpath=//input[@data-placeholder="Answer"]'.</msg>
<status status="PASS" starttime="20220316 14:30:46.565" endtime="20220316 14:30:49.733"/>
</kw>
<kw name="Click Element" library="SeleniumLibrary">
<arg>xpath=//input[@type="checkbox"]/..</arg>
<doc>Click the element identified by ``locator``.</doc>
<msg timestamp="20220316 14:30:49.734" level="INFO">Clicking element 'xpath=//input[@type="checkbox"]/..'.</msg>
<status status="PASS" starttime="20220316 14:30:49.734" endtime="20220316 14:30:51.871"/>
</kw>
<kw name="Click Element" library="SeleniumLibrary">
<arg>xpath=//button[contains(text(),'Done')]</arg>
<doc>Click the element identified by ``locator``.</doc>
<msg timestamp="20220316 14:30:51.872" level="INFO">Clicking element 'xpath=//button[contains(text(),'Done')]'.</msg>
<status status="PASS" starttime="20220316 14:30:51.872" endtime="20220316 14:30:53.983"/>
</kw>
<kw name="Element Text Should Be" library="SeleniumLibrary">
<arg>xpath=//span[contains(text(),'Password')]</arg>
<arg>Password is required.</arg>
<doc>Verifies that element ``locator`` contains exact the text ``expected``.</doc>
<msg timestamp="20220316 14:30:53.984" level="INFO">Verifying element 'xpath=//span[contains(text(),'Password')]' contains exact text 'Password is required.'.</msg>
<status status="PASS" starttime="20220316 14:30:53.983" endtime="20220316 14:30:56.031"/>
</kw>
<status status="PASS" starttime="20220316 14:29:43.315" endtime="20220316 14:30:56.033"/>
</test>
<status status="PASS" starttime="20220316 14:29:43.065" endtime="20220316 14:30:56.036"/>
</suite>
<statistics>
<total>
<stat pass="1" fail="0" skip="0">All Tests</stat>
</total>
<tag>
</tag>
<suite>
<stat pass="1" fail="0" skip="0" id="s1" name="Demo9 Royel Suite">Demo9 Royel Suite</stat>
</suite>
</statistics>
<errors>
</errors>
</robot>
