<?xml version="1.0" encoding="UTF-8"?>
<robot generator="Robot 4.1.3 (Python 3.10.2 on win32)" generated="20220316 20:02:30.530" rpa="false" schemaversion="2">
<suite id="s1" name="Demo5 Suite" source="B:\2.L&amp;T Technology Services InternShip\week 6.Robot framework\robot_project\robot_suite\demo5_suite.robot">
<test id="s1-t1" name="TC1">
<kw name="Create Dictionary" library="BuiltIn">
<var>${dict}</var>
<arg>sid=587</arg>
<arg>sname=raja</arg>
<arg>per=62.4</arg>
<arg>mid=konda@gmail.com</arg>
<doc>Creates and returns a dictionary based on the given ``items``.</doc>
<msg timestamp="20220316 20:02:30.561" level="INFO">${dict} = {'sid': '587', 'sname': 'raja', 'per': '62.4', 'mid': 'konda@gmail.com'}</msg>
<status status="PASS" starttime="20220316 20:02:30.561" endtime="20220316 20:02:30.561"/>
</kw>
<kw name="Log To Console" library="BuiltIn">
<arg>${dict}[sid]</arg>
<doc>Logs the given message to the console.</doc>
<status status="PASS" starttime="20220316 20:02:30.561" endtime="20220316 20:02:30.561"/>
</kw>
<kw name="Log To Console" library="BuiltIn">
<arg>${dict}[sname]</arg>
<doc>Logs the given message to the console.</doc>
<status status="PASS" starttime="20220316 20:02:30.561" endtime="20220316 20:02:30.561"/>
</kw>
<kw name="Log To Console" library="BuiltIn">
<arg>${dict}[per]</arg>
<doc>Logs the given message to the console.</doc>
<status status="PASS" starttime="20220316 20:02:30.561" endtime="20220316 20:02:30.561"/>
</kw>
<kw name="Log To Console" library="BuiltIn">
<arg>${dict}[mid]</arg>
<doc>Logs the given message to the console.</doc>
<status status="PASS" starttime="20220316 20:02:30.561" endtime="20220316 20:02:30.561"/>
</kw>
<status status="PASS" starttime="20220316 20:02:30.561" endtime="20220316 20:02:30.561"/>
</test>
<status status="PASS" starttime="20220316 20:02:30.530" endtime="20220316 20:02:30.561"/>
</suite>
<statistics>
<total>
<stat pass="1" fail="0" skip="0">All Tests</stat>
</total>
<tag>
</tag>
<suite>
<stat pass="1" fail="0" skip="0" id="s1" name="Demo5 Suite">Demo5 Suite</stat>
</suite>
</statistics>
<errors>
</errors>
</robot>
