<?xml version="1.0" encoding="UTF-8"?>
<robot generator="Robot 4.1.3 (Python 3.10.2 on win32)" generated="20220316 15:26:21.206" rpa="false" schemaversion="2">
<suite id="s1" name="Demo10 Km Suite" source="B:\2.L&amp;T Technology Services InternShip\week 6.Robot framework\robot_project\selenium_suite\demo10_km_suite.robot">
<test id="s1-t1" name="TC1">
<kw name="Open Browser" library="SeleniumLibrary">
<arg>browser=chrome</arg>
<arg>executable_path=${EXECDIR}${/}driver${/}chromedriver.exe</arg>
<doc>Opens a new browser instance to the optional ``url``.</doc>
<msg timestamp="20220316 15:26:21.462" level="INFO">Opening browser 'chrome' to base url 'None'.</msg>
<status status="PASS" starttime="20220316 15:26:21.461" endtime="20220316 15:26:24.640"/>
</kw>
<kw name="Maximize Browser Window" library="SeleniumLibrary">
<doc>Maximizes current browser window.</doc>
<status status="PASS" starttime="20220316 15:26:24.641" endtime="20220316 15:26:24.766"/>
</kw>
<kw name="Set Selenium Implicit Wait" library="SeleniumLibrary">
<arg>20s</arg>
<doc>Sets the implicit wait value used by Selenium.</doc>
<status status="PASS" starttime="20220316 15:26:24.766" endtime="20220316 15:26:24.766"/>
</kw>
<kw name="Go To" library="SeleniumLibrary">
<arg>url=https://www.google.com/</arg>
<doc>Navigates the current browser window to the provided ``url``.</doc>
<msg timestamp="20220316 15:26:24.766" level="INFO">Opening url 'https://www.google.com/'</msg>
<status status="PASS" starttime="20220316 15:26:24.766" endtime="20220316 15:26:27.729"/>
</kw>
<kw name="Get Title" library="SeleniumLibrary">
<var>${title}</var>
<doc>Returns the title of the current page.</doc>
<msg timestamp="20220316 15:26:27.735" level="INFO">${title} = Google</msg>
<status status="PASS" starttime="20220316 15:26:27.730" endtime="20220316 15:26:27.735"/>
</kw>
<kw name="Log To Console" library="BuiltIn">
<arg>${title}</arg>
<doc>Logs the given message to the console.</doc>
<status status="PASS" starttime="20220316 15:26:27.735" endtime="20220316 15:26:27.736"/>
</kw>
<kw name="Get Location" library="SeleniumLibrary">
<var>${loc}</var>
<doc>Returns the current browser window URL.</doc>
<msg timestamp="20220316 15:26:27.740" level="INFO">${loc} = https://www.google.com/</msg>
<status status="PASS" starttime="20220316 15:26:27.736" endtime="20220316 15:26:27.741"/>
</kw>
<kw name="Log To Console" library="BuiltIn">
<arg>${loc}</arg>
<doc>Logs the given message to the console.</doc>
<status status="PASS" starttime="20220316 15:26:27.741" endtime="20220316 15:26:27.741"/>
</kw>
<kw name="Press Keys" library="SeleniumLibrary">
<arg>name=q</arg>
<arg>RRR</arg>
<doc>Simulates the user pressing key(s) to an element or on the active browser.</doc>
<msg timestamp="20220316 15:26:27.742" level="INFO">Sending key(s) ('RRR',) to name=q element.</msg>
<msg timestamp="20220316 15:26:28.085" level="INFO">Sending keys RRR</msg>
<status status="PASS" starttime="20220316 15:26:27.742" endtime="20220316 15:26:28.104"/>
</kw>
<kw name="Sleep" library="BuiltIn">
<arg>2s</arg>
<doc>Pauses the test executed for the given time.</doc>
<msg timestamp="20220316 15:26:30.124" level="INFO">Slept 2 seconds</msg>
<status status="PASS" starttime="20220316 15:26:28.105" endtime="20220316 15:26:30.125"/>
</kw>
<kw name="Press Keys" library="SeleniumLibrary">
<arg>None</arg>
<arg>ARROW_DOWN</arg>
<doc>Simulates the user pressing key(s) to an element or on the active browser.</doc>
<msg timestamp="20220316 15:26:30.127" level="INFO">Sending key(s) ('ARROW_DOWN',) to page.</msg>
<msg timestamp="20220316 15:26:30.127" level="INFO">Pressing special key ARROW_DOWN to browser.</msg>
<msg timestamp="20220316 15:26:30.127" level="INFO">Releasing special key ARROW_DOWN.</msg>
<status status="PASS" starttime="20220316 15:26:30.127" endtime="20220316 15:26:30.155"/>
</kw>
<kw name="Sleep" library="BuiltIn">
<arg>2s</arg>
<doc>Pauses the test executed for the given time.</doc>
<msg timestamp="20220316 15:26:32.174" level="INFO">Slept 2 seconds</msg>
<status status="PASS" starttime="20220316 15:26:30.155" endtime="20220316 15:26:32.174"/>
</kw>
<kw name="Press Keys" library="SeleniumLibrary">
<arg>None</arg>
<arg>ARROW_DOWN</arg>
<doc>Simulates the user pressing key(s) to an element or on the active browser.</doc>
<msg timestamp="20220316 15:26:32.175" level="INFO">Sending key(s) ('ARROW_DOWN',) to page.</msg>
<msg timestamp="20220316 15:26:32.175" level="INFO">Pressing special key ARROW_DOWN to browser.</msg>
<msg timestamp="20220316 15:26:32.175" level="INFO">Releasing special key ARROW_DOWN.</msg>
<status status="PASS" starttime="20220316 15:26:32.174" endtime="20220316 15:26:32.176"/>
</kw>
<kw name="Sleep" library="BuiltIn">
<arg>2s</arg>
<doc>Pauses the test executed for the given time.</doc>
<msg timestamp="20220316 15:26:34.187" level="INFO">Slept 2 seconds</msg>
<status status="PASS" starttime="20220316 15:26:32.176" endtime="20220316 15:26:34.187"/>
</kw>
<kw name="Press Keys" library="SeleniumLibrary">
<arg>None</arg>
<arg>ARROW_DOWN</arg>
<doc>Simulates the user pressing key(s) to an element or on the active browser.</doc>
<msg timestamp="20220316 15:26:34.187" level="INFO">Sending key(s) ('ARROW_DOWN',) to page.</msg>
<msg timestamp="20220316 15:26:34.187" level="INFO">Pressing special key ARROW_DOWN to browser.</msg>
<msg timestamp="20220316 15:26:34.187" level="INFO">Releasing special key ARROW_DOWN.</msg>
<status status="PASS" starttime="20220316 15:26:34.187" endtime="20220316 15:26:34.196"/>
</kw>
<kw name="Sleep" library="BuiltIn">
<arg>2s</arg>
<doc>Pauses the test executed for the given time.</doc>
<msg timestamp="20220316 15:26:36.208" level="INFO">Slept 2 seconds</msg>
<status status="PASS" starttime="20220316 15:26:34.196" endtime="20220316 15:26:36.208"/>
</kw>
<kw name="Press Keys" library="SeleniumLibrary">
<arg>None</arg>
<arg>ENTER</arg>
<doc>Simulates the user pressing key(s) to an element or on the active browser.</doc>
<msg timestamp="20220316 15:26:36.208" level="INFO">Sending key(s) ('ENTER',) to page.</msg>
<msg timestamp="20220316 15:26:36.208" level="INFO">Pressing special key ENTER to browser.</msg>
<msg timestamp="20220316 15:26:36.208" level="INFO">Releasing special key ENTER.</msg>
<status status="PASS" starttime="20220316 15:26:36.208" endtime="20220316 15:26:38.618"/>
</kw>
<status status="PASS" starttime="20220316 15:26:21.461" endtime="20220316 15:26:38.619"/>
</test>
<status status="PASS" starttime="20220316 15:26:21.206" endtime="20220316 15:26:38.620"/>
</suite>
<statistics>
<total>
<stat pass="1" fail="0" skip="0">All Tests</stat>
</total>
<tag>
</tag>
<suite>
<stat pass="1" fail="0" skip="0" id="s1" name="Demo10 Km Suite">Demo10 Km Suite</stat>
</suite>
</statistics>
<errors>
</errors>
</robot>
