<?xml version="1.0" encoding="UTF-8"?>
<robot generator="Robot 4.1.3 (Python 3.10.2 on win32)" generated="20220314 16:51:13.913" rpa="false" schemaversion="2">
<suite id="s1" name="Demo1 Orangehrm Suite" source="B:\2.L&amp;T Technology Services InternShip\week 6.Robot framework\robot_project\selenium_suite\demo1_orangehrm_suite.robot">
<test id="s1-t1" name="TC2">
<kw name="Log To Console" library="BuiltIn">
<arg>konda</arg>
<doc>Logs the given message to the console.</doc>
<status status="PASS" starttime="20220314 16:51:14.157" endtime="20220314 16:51:14.157"/>
</kw>
<status status="PASS" starttime="20220314 16:51:14.156" endtime="20220314 16:51:14.158"/>
</test>
<status status="PASS" starttime="20220314 16:51:13.915" endtime="20220314 16:51:14.159"/>
</suite>
<statistics>
<total>
<stat pass="1" fail="0" skip="0">All Tests</stat>
</total>
<tag>
</tag>
<suite>
<stat pass="1" fail="0" skip="0" id="s1" name="Demo1 Orangehrm Suite">Demo1 Orangehrm Suite</stat>
</suite>
</statistics>
<errors>
</errors>
</robot>
