<?xml version="1.0" encoding="UTF-8"?>
<robot generator="Robot 4.1.3 (Python 3.10.2 on win32)" generated="20220314 13:16:28.845" rpa="false" schemaversion="2">
<suite id="s1" name="Demo1 Orangehrm Suite" source="B:\2.L&amp;T Technology Services InternShip\week 6.Robot framework\robot_project\selenium_suite\demo1_orangehrm_suite.robot">
<test id="s1-t1" name="TC1">
<kw name="Append To Environment Variable" library="OperatingSystem">
<arg>path</arg>
<arg>${EXECDIR}${/}driver${/}</arg>
<doc>Appends given ``values`` to environment variable ``name``.</doc>
<msg timestamp="20220314 13:16:29.085" level="INFO">Environment variable 'path' set to value 'C:\Program Files\Common Files\Oracle\Java\javapath;C:\WINDOWS\system32;C:\WINDOWS;C:\WINDOWS\System32\Wbem;C:\WINDOWS\System32\WindowsPowerShell\v1.0\;C:\WINDOWS\System32\OpenSSH\;C:\Program Files\Git\cmd;C:\Users\dell\AppData\Local\Programs\Python\Python310\Scripts\;C:\Users\dell\AppData\Local\Programs\Python\Python310\;C:\Users\dell\anaconda3;C:\Users\dell\anaconda3\Library\mingw-w64\bin;C:\Users\dell\anaconda3\Library\usr\bin;C:\Users\dell\anaconda3\Library\bin;C:\Users\dell\anaconda3\Scripts;C:\Users\dell\AppData\Local\Microsoft\WindowsApps;C:\Program Files\Java\jdk-17.0.1\bin\;C:\Program Files\JetBrains\PyCharm Community Edition 2021.3.2\bin;;B:\2.L&amp;T Technology Services InternShip\week 6.Robot framework\robot_project\driver\'.</msg>
<status status="PASS" starttime="20220314 13:16:29.084" endtime="20220314 13:16:29.085"/>
</kw>
<kw name="Open Browser" library="SeleniumLibrary">
<arg>url=https://opensource-demo.orangehrmlive.com/</arg>
<arg>browser=chrome</arg>
<doc>Opens a new browser instance to the optional ``url``.</doc>
<msg timestamp="20220314 13:16:29.085" level="INFO">Opening browser 'chrome' to base url 'https://opensource-demo.orangehrmlive.com/'.</msg>
<status status="PASS" starttime="20220314 13:16:29.085" endtime="20220314 13:16:33.704"/>
</kw>
<kw name="Comment" library="BuiltIn">
<arg>done</arg>
<doc>Displays the given messages in the log file as keyword arguments.</doc>
<status status="PASS" starttime="20220314 13:16:33.705" endtime="20220314 13:16:33.705"/>
</kw>
<status status="PASS" starttime="20220314 13:16:29.084" endtime="20220314 13:16:33.706"/>
</test>
<status status="PASS" starttime="20220314 13:16:28.845" endtime="20220314 13:16:33.709"/>
</suite>
<statistics>
<total>
<stat pass="1" fail="0" skip="0">All Tests</stat>
</total>
<tag>
</tag>
<suite>
<stat pass="1" fail="0" skip="0" id="s1" name="Demo1 Orangehrm Suite">Demo1 Orangehrm Suite</stat>
</suite>
</statistics>
<errors>
</errors>
</robot>
