<?xml version="1.0" encoding="UTF-8"?>
<robot generator="Robot 4.1.3 (Python 3.10.2 on win32)" generated="20220316 10:56:46.085" rpa="false" schemaversion="2">
<suite id="s1" name="Demo8 Alert Suite" source="B:\2.L&amp;T Technology Services InternShip\week 6.Robot framework\robot_project\selenium_suite\demo8_alert_suite.robot">
<test id="s1-t1" name="TC1">
<kw name="Open Browser" library="SeleniumLibrary">
<arg>browser=chrome</arg>
<arg>executable_path=${EXECDIR}${/}driver${/}chromedriver.exe</arg>
<doc>Opens a new browser instance to the optional ``url``.</doc>
<msg timestamp="20220316 10:56:46.336" level="INFO">Opening browser 'chrome' to base url 'None'.</msg>
<status status="PASS" starttime="20220316 10:56:46.336" endtime="20220316 10:56:48.433"/>
</kw>
<kw name="Maximize Browser Window" library="SeleniumLibrary">
<doc>Maximizes current browser window.</doc>
<status status="PASS" starttime="20220316 10:56:48.434" endtime="20220316 10:56:48.557"/>
</kw>
<kw name="Set Selenium Implicit Wait" library="SeleniumLibrary">
<arg>20s</arg>
<doc>Sets the implicit wait value used by Selenium.</doc>
<status status="PASS" starttime="20220316 10:56:48.557" endtime="20220316 10:56:48.565"/>
</kw>
<kw name="Go To" library="SeleniumLibrary">
<arg>url=https://netbanking.hdfcbank.com/netbanking/IpinResetUsingOTP.htm</arg>
<doc>Navigates the current browser window to the provided ``url``.</doc>
<msg timestamp="20220316 10:56:48.565" level="INFO">Opening url 'https://netbanking.hdfcbank.com/netbanking/IpinResetUsingOTP.htm'</msg>
<status status="PASS" starttime="20220316 10:56:48.565" endtime="20220316 10:56:50.594"/>
</kw>
<kw name="Click Element" library="SeleniumLibrary">
<arg>xpath=//img[@alt="Go"]</arg>
<doc>Click the element identified by ``locator``.</doc>
<msg timestamp="20220316 10:56:50.595" level="INFO">Clicking element 'xpath=//img[@alt="Go"]'.</msg>
<status status="PASS" starttime="20220316 10:56:50.594" endtime="20220316 10:56:50.644"/>
</kw>
<kw name="Handle Alert" library="SeleniumLibrary">
<var>${alt}</var>
<arg>action=ACCEPT</arg>
<arg>timeout=50s</arg>
<doc>Handles the current alert and returns its message.</doc>
<msg timestamp="20220316 10:56:50.645" level="INFO">HANDLE::&lt;class 'datetime.timedelta'&gt;::0:00:50</msg>
<msg timestamp="20220316 10:56:50.650" level="INFO">${alt} = Customer ID  cannot be left blank.</msg>
<status status="PASS" starttime="20220316 10:56:50.645" endtime="20220316 10:56:50.650"/>
</kw>
<kw name="Log To Console" library="BuiltIn">
<arg>${alt}</arg>
<doc>Logs the given message to the console.</doc>
<status status="PASS" starttime="20220316 10:56:50.651" endtime="20220316 10:56:50.651"/>
</kw>
<kw name="Should Be Equal" library="BuiltIn">
<arg>${alt}</arg>
<arg>Customer ID ${SPACE}cannot be left blank.</arg>
<doc>Fails if the given objects are unequal.</doc>
<status status="PASS" starttime="20220316 10:56:50.652" endtime="20220316 10:56:50.652"/>
</kw>
<kw name="Close Browser" library="SeleniumLibrary" type="TEARDOWN">
<doc>Closes the current browser.</doc>
<status status="PASS" starttime="20220316 10:56:50.652" endtime="20220316 10:56:52.774"/>
</kw>
<status status="PASS" starttime="20220316 10:56:46.336" endtime="20220316 10:56:52.775"/>
</test>
<status status="PASS" starttime="20220316 10:56:46.085" endtime="20220316 10:56:52.777"/>
</suite>
<statistics>
<total>
<stat pass="1" fail="0" skip="0">All Tests</stat>
</total>
<tag>
</tag>
<suite>
<stat pass="1" fail="0" skip="0" id="s1" name="Demo8 Alert Suite">Demo8 Alert Suite</stat>
</suite>
</statistics>
<errors>
</errors>
</robot>
