<?xml version="1.0" encoding="UTF-8"?>
<robot generator="Robot 4.1.3 (Python 3.10.2 on win32)" generated="20220315 14:14:51.247" rpa="false" schemaversion="2">
<suite id="s1" name="Demo4 Suite" source="B:\2.L&amp;T Technology Services InternShip\week 6.Robot framework\robot_project\selenium_suite\demo4_suite.robot">
<test id="s1-t1" name="TC1">
<kw name="Open Browser" library="SeleniumLibrary">
<arg>browser=chrome</arg>
<arg>executable_path=${EXECDIR}${/}driver${/}chromedriver.exe</arg>
<doc>Opens a new browser instance to the optional ``url``.</doc>
<msg timestamp="20220315 14:14:51.484" level="INFO">Opening browser 'chrome' to base url 'None'.</msg>
<status status="PASS" starttime="20220315 14:14:51.484" endtime="20220315 14:14:54.109"/>
</kw>
<kw name="Set Selenium Implicit Wait" library="SeleniumLibrary">
<arg>30s</arg>
<doc>Sets the implicit wait value used by Selenium.</doc>
<status status="PASS" starttime="20220315 14:14:54.110" endtime="20220315 14:14:54.113"/>
</kw>
<kw name="Maximize Browser Window" library="SeleniumLibrary">
<doc>Maximizes current browser window.</doc>
<status status="PASS" starttime="20220315 14:14:54.114" endtime="20220315 14:14:54.243"/>
</kw>
<kw name="Go To" library="SeleniumLibrary">
<arg>url=https://www.db4free.net/</arg>
<doc>Navigates the current browser window to the provided ``url``.</doc>
<msg timestamp="20220315 14:14:54.243" level="INFO">Opening url 'https://www.db4free.net/'</msg>
<status status="PASS" starttime="20220315 14:14:54.243" endtime="20220315 14:14:59.414"/>
</kw>
<kw name="Click Element" library="SeleniumLibrary">
<arg>partial link=phpMyAdmin</arg>
<doc>Click the element identified by ``locator``.</doc>
<msg timestamp="20220315 14:14:59.421" level="INFO">Clicking element 'partial link=phpMyAdmin'.</msg>
<status status="PASS" starttime="20220315 14:14:59.414" endtime="20220315 14:14:59.506"/>
</kw>
<kw name="Switch Window" library="SeleniumLibrary">
<arg>phpMyAdmin</arg>
<doc>Switches to browser window matching ``locator``.</doc>
<status status="PASS" starttime="20220315 14:14:59.506" endtime="20220315 14:15:20.102"/>
</kw>
<kw name="Input Text" library="SeleniumLibrary">
<arg>id=input_username</arg>
<arg>text</arg>
<doc>Types the given ``text`` into the text field identified by ``locator``.</doc>
<msg timestamp="20220315 14:15:20.102" level="INFO">Typing text 'text' into text field 'id=input_username'.</msg>
<status status="PASS" starttime="20220315 14:15:20.102" endtime="20220315 14:15:20.183"/>
</kw>
<kw name="Input Text" library="SeleniumLibrary">
<arg>id=input_username</arg>
<arg>Admin</arg>
<doc>Types the given ``text`` into the text field identified by ``locator``.</doc>
<msg timestamp="20220315 14:15:20.183" level="INFO">Typing text 'Admin' into text field 'id=input_username'.</msg>
<status status="PASS" starttime="20220315 14:15:20.183" endtime="20220315 14:15:20.262"/>
</kw>
<kw name="Input Password" library="SeleniumLibrary">
<arg>id=input_password</arg>
<arg>Admin123</arg>
<doc>Types the given password into the text field identified by ``locator``.</doc>
<msg timestamp="20220315 14:15:20.262" level="INFO">Typing password into text field 'id=input_password'.</msg>
<msg timestamp="20220315 14:15:20.311" level="INFO">Temporally setting log level to: NONE</msg>
<msg timestamp="20220315 14:15:20.352" level="INFO">Log level changed from NONE to INFO.</msg>
<status status="PASS" starttime="20220315 14:15:20.262" endtime="20220315 14:15:20.352"/>
</kw>
<kw name="Click Element" library="SeleniumLibrary">
<arg>xpath=//input[@type="submit"]</arg>
<doc>Click the element identified by ``locator``.</doc>
<msg timestamp="20220315 14:15:20.352" level="INFO">Clicking element 'xpath=//input[@type="submit"]'.</msg>
<status status="PASS" starttime="20220315 14:15:20.352" endtime="20220315 14:15:21.462"/>
</kw>
<status status="PASS" starttime="20220315 14:14:51.482" endtime="20220315 14:15:21.462"/>
</test>
<status status="PASS" starttime="20220315 14:14:51.247" endtime="20220315 14:15:21.462"/>
</suite>
<statistics>
<total>
<stat pass="1" fail="0" skip="0">All Tests</stat>
</total>
<tag>
</tag>
<suite>
<stat pass="1" fail="0" skip="0" id="s1" name="Demo4 Suite">Demo4 Suite</stat>
</suite>
</statistics>
<errors>
</errors>
</robot>
