<?xml version="1.0" encoding="UTF-8"?>
<robot generator="Robot 4.1.3 (Python 3.10.2 on win32)" generated="20220314 17:24:29.267" rpa="false" schemaversion="2">
<suite id="s1" name="Demo1 Orangehrm Suite" source="B:\2.L&amp;T Technology Services InternShip\week 6.Robot framework\robot_project\selenium_suite\demo1_orangehrm_suite.robot">
<test id="s1-t1" name="TC2">
<kw name="Log To Console" library="BuiltIn">
<arg>Raja</arg>
<doc>Logs the given message to the console.</doc>
<status status="PASS" starttime="20220314 17:24:29.500" endtime="20220314 17:24:29.500"/>
</kw>
<kw name="Append To Environment Variable" library="OperatingSystem">
<arg>path</arg>
<arg>${EXECDIR}${/}driver${/}</arg>
<doc>Appends given ``values`` to environment variable ``name``.</doc>
<msg timestamp="20220314 17:24:29.500" level="INFO">Environment variable 'path' set to value 'C:\Program Files\Common Files\Oracle\Java\javapath;C:\WINDOWS\system32;C:\WINDOWS;C:\WINDOWS\System32\Wbem;C:\WINDOWS\System32\WindowsPowerShell\v1.0\;C:\WINDOWS\System32\OpenSSH\;C:\Program Files\Git\cmd;C:\Users\dell\AppData\Local\Programs\Python\Python310\Scripts\;C:\Users\dell\AppData\Local\Programs\Python\Python310\;C:\Users\dell\anaconda3;C:\Users\dell\anaconda3\Library\mingw-w64\bin;C:\Users\dell\anaconda3\Library\usr\bin;C:\Users\dell\anaconda3\Library\bin;C:\Users\dell\anaconda3\Scripts;C:\Users\dell\AppData\Local\Microsoft\WindowsApps;C:\Program Files\Java\jdk-17.0.1\bin\;C:\Program Files\JetBrains\PyCharm Community Edition 2021.3.2\bin;;B:\2.L&amp;T Technology Services InternShip\week 6.Robot framework\robot_project\driver\'.</msg>
<status status="PASS" starttime="20220314 17:24:29.500" endtime="20220314 17:24:29.500"/>
</kw>
<kw name="Open Browser" library="SeleniumLibrary">
<arg>url=https://opensource-demo.orangehrmlive.com/</arg>
<arg>browser=chrome</arg>
<doc>Opens a new browser instance to the optional ``url``.</doc>
<msg timestamp="20220314 17:24:29.501" level="INFO">Opening browser 'chrome' to base url 'https://opensource-demo.orangehrmlive.com/'.</msg>
<status status="PASS" starttime="20220314 17:24:29.501" endtime="20220314 17:24:38.657"/>
</kw>
<kw name="Set Selenium Implicit Wait" library="SeleniumLibrary">
<arg>20s</arg>
<doc>Sets the implicit wait value used by Selenium.</doc>
<status status="PASS" starttime="20220314 17:24:38.658" endtime="20220314 17:24:38.660"/>
</kw>
<kw name="Maximize Browser Window" library="SeleniumLibrary">
<doc>Maximizes current browser window.</doc>
<status status="PASS" starttime="20220314 17:24:38.660" endtime="20220314 17:24:38.783"/>
</kw>
<kw name="Input Text" library="SeleniumLibrary">
<arg>id=txtUsername</arg>
<arg>Admin</arg>
<doc>Types the given ``text`` into the text field identified by ``locator``.</doc>
<msg timestamp="20220314 17:24:38.783" level="INFO">Typing text 'Admin' into text field 'id=txtUsername'.</msg>
<status status="PASS" starttime="20220314 17:24:38.783" endtime="20220314 17:24:38.869"/>
</kw>
<kw name="Input Password" library="SeleniumLibrary">
<arg>id=txtPassword</arg>
<arg>admin123</arg>
<doc>Types the given password into the text field identified by ``locator``.</doc>
<msg timestamp="20220314 17:24:38.869" level="INFO">Typing password into text field 'id=txtPassword'.</msg>
<msg timestamp="20220314 17:24:38.923" level="INFO">Temporally setting log level to: NONE</msg>
<msg timestamp="20220314 17:24:38.959" level="INFO">Log level changed from NONE to INFO.</msg>
<status status="PASS" starttime="20220314 17:24:38.869" endtime="20220314 17:24:38.959"/>
</kw>
<kw name="Click Button" library="SeleniumLibrary">
<arg>id=btnLogin</arg>
<doc>Clicks the button identified by ``locator``.</doc>
<msg timestamp="20220314 17:24:38.959" level="INFO">Clicking button 'id=btnLogin'.</msg>
<status status="PASS" starttime="20220314 17:24:38.959" endtime="20220314 17:24:56.269"/>
</kw>
<kw name="Click Element" library="SeleniumLibrary">
<arg>id=menu_pim_viewMyDetails</arg>
<doc>Click the element identified by ``locator``.</doc>
<msg timestamp="20220314 17:24:56.270" level="INFO">Clicking element 'id=menu_pim_viewMyDetails'.</msg>
<status status="PASS" starttime="20220314 17:24:56.269" endtime="20220314 17:24:58.053"/>
</kw>
<kw name="Click Element" library="SeleniumLibrary">
<arg>link=Emergency Contacts</arg>
<doc>Click the element identified by ``locator``.</doc>
<msg timestamp="20220314 17:24:58.053" level="INFO">Clicking element 'link=Emergency Contacts'.</msg>
<status status="PASS" starttime="20220314 17:24:58.053" endtime="20220314 17:24:59.164"/>
</kw>
<kw name="Click Element" library="SeleniumLibrary">
<arg>id=btnAddContact</arg>
<doc>Click the element identified by ``locator``.</doc>
<msg timestamp="20220314 17:24:59.165" level="INFO">Clicking element 'id=btnAddContact'.</msg>
<status status="PASS" starttime="20220314 17:24:59.164" endtime="20220314 17:24:59.230"/>
</kw>
<kw name="Input Text" library="SeleniumLibrary">
<arg>id=emgcontacts_name</arg>
<arg>raja</arg>
<doc>Types the given ``text`` into the text field identified by ``locator``.</doc>
<msg timestamp="20220314 17:24:59.230" level="INFO">Typing text 'raja' into text field 'id=emgcontacts_name'.</msg>
<status status="PASS" starttime="20220314 17:24:59.230" endtime="20220314 17:24:59.320"/>
</kw>
<kw name="Input Text" library="SeleniumLibrary">
<arg>id=emgcontacts_relationship</arg>
<arg>brother</arg>
<doc>Types the given ``text`` into the text field identified by ``locator``.</doc>
<msg timestamp="20220314 17:24:59.320" level="INFO">Typing text 'brother' into text field 'id=emgcontacts_relationship'.</msg>
<status status="PASS" starttime="20220314 17:24:59.320" endtime="20220314 17:24:59.419"/>
</kw>
<kw name="Input Text" library="SeleniumLibrary">
<arg>id=emgcontacts_homePhone</arg>
<arg>99008102</arg>
<doc>Types the given ``text`` into the text field identified by ``locator``.</doc>
<msg timestamp="20220314 17:24:59.419" level="INFO">Typing text '99008102' into text field 'id=emgcontacts_homePhone'.</msg>
<status status="PASS" starttime="20220314 17:24:59.419" endtime="20220314 17:24:59.530"/>
</kw>
<kw name="Click Button" library="SeleniumLibrary">
<arg>id=btnSaveEContact</arg>
<doc>Clicks the button identified by ``locator``.</doc>
<msg timestamp="20220314 17:24:59.530" level="INFO">Clicking button 'id=btnSaveEContact'.</msg>
<status status="PASS" starttime="20220314 17:24:59.530" endtime="20220314 17:25:00.989"/>
</kw>
<status status="PASS" starttime="20220314 17:24:29.499" endtime="20220314 17:25:00.989"/>
</test>
<status status="PASS" starttime="20220314 17:24:29.269" endtime="20220314 17:25:00.989"/>
</suite>
<statistics>
<total>
<stat pass="1" fail="0" skip="0">All Tests</stat>
</total>
<tag>
</tag>
<suite>
<stat pass="1" fail="0" skip="0" id="s1" name="Demo1 Orangehrm Suite">Demo1 Orangehrm Suite</stat>
</suite>
</statistics>
<errors>
</errors>
</robot>
