<?xml version="1.0" encoding="UTF-8"?>
<robot generator="Robot 4.1.3 (Python 3.10.2 on win32)" generated="20220315 12:45:28.385" rpa="false" schemaversion="2">
<suite id="s1" name="Demo3 Mb Suite" source="B:\2.L&amp;T Technology Services InternShip\week 6.Robot framework\robot_project\selenium_suite\demo3_mb_suite.robot">
<test id="s1-t1" name="TC1">
<kw name="Open Browser" library="SeleniumLibrary">
<arg>browser=chrome</arg>
<arg>executable_path=${EXECDIR}${/}driver${/}chromedriver.exe</arg>
<doc>Opens a new browser instance to the optional ``url``.</doc>
<msg timestamp="20220315 12:45:28.612" level="INFO">Opening browser 'chrome' to base url 'None'.</msg>
<status status="PASS" starttime="20220315 12:45:28.612" endtime="20220315 12:45:31.421"/>
</kw>
<kw name="Set Selenium Implicit Wait" library="SeleniumLibrary">
<arg>30s</arg>
<doc>Sets the implicit wait value used by Selenium.</doc>
<status status="PASS" starttime="20220315 12:45:31.421" endtime="20220315 12:45:31.422"/>
</kw>
<kw name="Maximize Browser Window" library="SeleniumLibrary">
<doc>Maximizes current browser window.</doc>
<status status="PASS" starttime="20220315 12:45:31.422" endtime="20220315 12:45:31.602"/>
</kw>
<kw name="Go To" library="SeleniumLibrary">
<arg>url=https://www.medibuddy.in/</arg>
<doc>Navigates the current browser window to the provided ``url``.</doc>
<msg timestamp="20220315 12:45:31.604" level="INFO">Opening url 'https://www.medibuddy.in/'</msg>
<status status="PASS" starttime="20220315 12:45:31.602" endtime="20220315 12:45:35.068"/>
</kw>
<kw name="Click Element" library="SeleniumLibrary">
<arg>xpath=//button[text()="Not Now"]</arg>
<doc>Click the element identified by ``locator``.</doc>
<msg timestamp="20220315 12:45:35.069" level="INFO">Clicking element 'xpath=//button[text()="Not Now"]'.</msg>
<status status="PASS" starttime="20220315 12:45:35.068" endtime="20220315 12:45:44.621"/>
</kw>
<kw name="Click Element" library="SeleniumLibrary">
<arg>link=For Employer</arg>
<doc>Click the element identified by ``locator``.</doc>
<msg timestamp="20220315 12:45:44.621" level="INFO">Clicking element 'link=For Employer'.</msg>
<status status="PASS" starttime="20220315 12:45:44.621" endtime="20220315 12:45:44.802"/>
</kw>
<kw name="Close Window" library="SeleniumLibrary">
<doc>Closes currently opened and selected browser window/tab.</doc>
<status status="PASS" starttime="20220315 12:45:44.803" endtime="20220315 12:45:44.878"/>
</kw>
<kw name="Switch Window" library="SeleniumLibrary">
<arg>MediBuddy LaunchPad</arg>
<doc>Switches to browser window matching ``locator``.</doc>
<status status="PASS" starttime="20220315 12:45:44.878" endtime="20220315 12:46:31.181"/>
</kw>
<kw name="Input Text" library="SeleniumLibrary">
<arg>id=getInTouchName</arg>
<arg>konda</arg>
<doc>Types the given ``text`` into the text field identified by ``locator``.</doc>
<msg timestamp="20220315 12:46:31.182" level="INFO">Typing text 'konda' into text field 'id=getInTouchName'.</msg>
<status status="PASS" starttime="20220315 12:46:31.181" endtime="20220315 12:46:31.271"/>
</kw>
<kw name="Input Text" library="SeleniumLibrary">
<arg>id=getInTouchEmail</arg>
<arg>kondababu123@gmail.com</arg>
<doc>Types the given ``text`` into the text field identified by ``locator``.</doc>
<msg timestamp="20220315 12:46:31.272" level="INFO">Typing text 'kondababu123@gmail.com' into text field 'id=getInTouchEmail'.</msg>
<status status="PASS" starttime="20220315 12:46:31.272" endtime="20220315 12:46:31.389"/>
</kw>
<kw name="Input Text" library="SeleniumLibrary">
<arg>id=getInTouchMobile</arg>
<arg>12345</arg>
<doc>Types the given ``text`` into the text field identified by ``locator``.</doc>
<msg timestamp="20220315 12:46:31.390" level="INFO">Typing text '12345' into text field 'id=getInTouchMobile'.</msg>
<status status="PASS" starttime="20220315 12:46:31.390" endtime="20220315 12:46:31.471"/>
</kw>
<kw name="Input Text" library="SeleniumLibrary">
<arg>id=getInTouchEmpCount</arg>
<arg>16</arg>
<doc>Types the given ``text`` into the text field identified by ``locator``.</doc>
<msg timestamp="20220315 12:46:31.471" level="INFO">Typing text '16' into text field 'id=getInTouchEmpCount'.</msg>
<status status="PASS" starttime="20220315 12:46:31.471" endtime="20220315 12:46:31.550"/>
</kw>
<kw name="Click Element" library="SeleniumLibrary">
<arg>xpath=//button[@type="submit"]</arg>
<doc>Click the element identified by ``locator``.</doc>
<msg timestamp="20220315 12:46:31.551" level="INFO">Clicking element 'xpath=//button[@type="submit"]'.</msg>
<status status="PASS" starttime="20220315 12:46:31.550" endtime="20220315 12:46:31.594"/>
</kw>
<kw name="Element Text Should Be" library="SeleniumLibrary">
<arg>xpath=//div[contains(text(),'10')]</arg>
<arg>Mobile Number should be 10 digits</arg>
<doc>Verifies that element ``locator`` contains exact the text ``expected``.</doc>
<msg timestamp="20220315 12:46:31.595" level="INFO">Verifying element 'xpath=//div[contains(text(),'10')]' contains exact text 'Mobile Number should be 10 digits'.</msg>
<status status="PASS" starttime="20220315 12:46:31.595" endtime="20220315 12:46:31.616"/>
</kw>
<status status="PASS" starttime="20220315 12:45:28.608" endtime="20220315 12:46:31.616"/>
</test>
<status status="PASS" starttime="20220315 12:45:28.385" endtime="20220315 12:46:31.618"/>
</suite>
<statistics>
<total>
<stat pass="1" fail="0" skip="0">All Tests</stat>
</total>
<tag>
</tag>
<suite>
<stat pass="1" fail="0" skip="0" id="s1" name="Demo3 Mb Suite">Demo3 Mb Suite</stat>
</suite>
</statistics>
<errors>
</errors>
</robot>
