<?xml version="1.0" encoding="UTF-8"?>
<robot generator="Robot 4.1.3 (Python 3.10.2 on win32)" generated="20220315 15:56:28.923" rpa="false" schemaversion="2">
<suite id="s1" name="Demo Red Suite" source="B:\2.L&amp;T Technology Services InternShip\week 6.Robot framework\robot_project\selenium_suite\demo_red_suite.robot">
<test id="s1-t1" name="TC1">
<kw name="Open Browser" library="SeleniumLibrary">
<arg>browser=chrome</arg>
<arg>executable_path=${EXECDIR}${/}driver${/}chromedriver.exe</arg>
<doc>Opens a new browser instance to the optional ``url``.</doc>
<msg timestamp="20220315 15:56:29.144" level="INFO">Opening browser 'chrome' to base url 'None'.</msg>
<status status="PASS" starttime="20220315 15:56:29.144" endtime="20220315 15:56:31.539"/>
</kw>
<kw name="Maximize Browser Window" library="SeleniumLibrary">
<doc>Maximizes current browser window.</doc>
<status status="PASS" starttime="20220315 15:56:31.540" endtime="20220315 15:56:31.665"/>
</kw>
<kw name="Set Selenium Implicit Wait" library="SeleniumLibrary">
<arg>30s</arg>
<doc>Sets the implicit wait value used by Selenium.</doc>
<status status="PASS" starttime="20220315 15:56:31.665" endtime="20220315 15:56:31.672"/>
</kw>
<kw name="Go To" library="SeleniumLibrary">
<arg>url=https://www.redbus.in/</arg>
<doc>Navigates the current browser window to the provided ``url``.</doc>
<msg timestamp="20220315 15:56:31.672" level="INFO">Opening url 'https://www.redbus.in/'</msg>
<status status="PASS" starttime="20220315 15:56:31.672" endtime="20220315 15:57:09.156"/>
</kw>
<kw name="Click Element" library="SeleniumLibrary">
<arg>id=i-icon-profile</arg>
<doc>Click the element identified by ``locator``.</doc>
<msg timestamp="20220315 15:57:09.157" level="INFO">Clicking element 'id=i-icon-profile'.</msg>
<status status="PASS" starttime="20220315 15:57:09.156" endtime="20220315 15:57:09.216"/>
</kw>
<kw name="Click Element" library="SeleniumLibrary">
<arg>id=signInLink</arg>
<doc>Click the element identified by ``locator``.</doc>
<msg timestamp="20220315 15:57:09.217" level="INFO">Clicking element 'id=signInLink'.</msg>
<status status="PASS" starttime="20220315 15:57:09.217" endtime="20220315 15:57:09.280"/>
</kw>
<kw name="Select Frame" library="SeleniumLibrary">
<arg>class=modalIframe</arg>
<doc>Sets frame identified by ``locator`` as the current frame.</doc>
<msg timestamp="20220315 15:57:09.281" level="INFO">Selecting frame 'class=modalIframe'.</msg>
<status status="PASS" starttime="20220315 15:57:09.280" endtime="20220315 15:57:10.184"/>
</kw>
<kw name="Input Text" library="SeleniumLibrary">
<arg>id=mobileNoInp</arg>
<arg>523187</arg>
<doc>Types the given ``text`` into the text field identified by ``locator``.</doc>
<msg timestamp="20220315 15:57:10.185" level="INFO">Typing text '523187' into text field 'id=mobileNoInp'.</msg>
<status status="PASS" starttime="20220315 15:57:10.184" endtime="20220315 15:57:10.421"/>
</kw>
<kw name="Unselect Frame" library="SeleniumLibrary">
<doc>Sets the main frame as the current frame.</doc>
<status status="PASS" starttime="20220315 15:57:10.422" endtime="20220315 15:57:10.424"/>
</kw>
<kw name="Close Browser" library="SeleniumLibrary" type="TEARDOWN">
<doc>Closes the current browser.</doc>
<status status="PASS" starttime="20220315 15:57:10.425" endtime="20220315 15:57:12.595"/>
</kw>
<status status="PASS" starttime="20220315 15:56:29.144" endtime="20220315 15:57:12.596"/>
</test>
<status status="PASS" starttime="20220315 15:56:28.923" endtime="20220315 15:57:12.601"/>
</suite>
<statistics>
<total>
<stat pass="1" fail="0" skip="0">All Tests</stat>
</total>
<tag>
</tag>
<suite>
<stat pass="1" fail="0" skip="0" id="s1" name="Demo Red Suite">Demo Red Suite</stat>
</suite>
</statistics>
<errors>
</errors>
</robot>
