<?xml version="1.0" encoding="UTF-8"?>
<robot generator="Robot 4.1.3 (Python 3.10.2 on win32)" generated="20220316 17:20:14.285" rpa="false" schemaversion="2">
<suite id="s1" name="Demo4 Suite" source="B:\2.L&amp;T Technology Services InternShip\week 6.Robot framework\robot_project\robot_suite\demo4_suite.robot">
<test id="s1-t1" name="TC4">
<kw name="Create List" library="BuiltIn">
<var>@{abc}</var>
<arg>apple</arg>
<arg>ball</arg>
<arg>cat</arg>
<doc>Returns a list containing given items.</doc>
<msg timestamp="20220316 17:20:14.325" level="INFO">@{abc} = [ apple | ball | cat ]</msg>
<status status="PASS" starttime="20220316 17:20:14.325" endtime="20220316 17:20:14.325"/>
</kw>
<kw name="Log To Console" library="BuiltIn">
<arg>${abc}[1]</arg>
<doc>Logs the given message to the console.</doc>
<status status="PASS" starttime="20220316 17:20:14.325" endtime="20220316 17:20:14.325"/>
</kw>
<kw name="Remove Values From List" library="Collections">
<arg>${abc}</arg>
<arg>cat</arg>
<doc>Removes all occurrences of given ``values`` from ``list``.</doc>
<status status="PASS" starttime="20220316 17:20:14.325" endtime="20220316 17:20:14.325"/>
</kw>
<kw name="Log To Console" library="BuiltIn">
<arg>${abc}</arg>
<doc>Logs the given message to the console.</doc>
<status status="PASS" starttime="20220316 17:20:14.325" endtime="20220316 17:20:14.325"/>
</kw>
<kw name="Append To List" library="Collections">
<arg>${abc}</arg>
<arg>cow</arg>
<doc>Adds ``values`` to the end of ``list``.</doc>
<status status="PASS" starttime="20220316 17:20:14.325" endtime="20220316 17:20:14.325"/>
</kw>
<kw name="Log To Console" library="BuiltIn">
<arg>${abc}</arg>
<doc>Logs the given message to the console.</doc>
<status status="PASS" starttime="20220316 17:20:14.325" endtime="20220316 17:20:14.325"/>
</kw>
<kw name="Insert Into List" library="Collections">
<arg>${abc}</arg>
<arg>1</arg>
<arg>bag</arg>
<doc>Inserts ``value`` into ``list`` to the position specified with ``index``.</doc>
<status status="PASS" starttime="20220316 17:20:14.325" endtime="20220316 17:20:14.325"/>
</kw>
<kw name="Log To Console" library="BuiltIn">
<arg>${abc}</arg>
<doc>Logs the given message to the console.</doc>
<status status="PASS" starttime="20220316 17:20:14.325" endtime="20220316 17:20:14.325"/>
</kw>
<kw name="Reverse List" library="Collections">
<arg>${abc}</arg>
<doc>Reverses the given list in place.</doc>
<status status="PASS" starttime="20220316 17:20:14.325" endtime="20220316 17:20:14.325"/>
</kw>
<kw name="Log To Console" library="BuiltIn">
<arg>${abc}</arg>
<doc>Logs the given message to the console.</doc>
<status status="PASS" starttime="20220316 17:20:14.325" endtime="20220316 17:20:14.325"/>
</kw>
<status status="PASS" starttime="20220316 17:20:14.325" endtime="20220316 17:20:14.325"/>
</test>
<status status="PASS" starttime="20220316 17:20:14.285" endtime="20220316 17:20:14.325"/>
</suite>
<statistics>
<total>
<stat pass="1" fail="0" skip="0">All Tests</stat>
</total>
<tag>
</tag>
<suite>
<stat pass="1" fail="0" skip="0" id="s1" name="Demo4 Suite">Demo4 Suite</stat>
</suite>
</statistics>
<errors>
</errors>
</robot>
